<html>
<head>
<title>TestNG:  Test</title>
<link href="../testng.css" rel="stylesheet" type="text/css" />
<link href="../my-testng.css" rel="stylesheet" type="text/css" />

<style type="text/css">
.log { display: none;} 
.stack-trace { display: none;} 
</style>
<script type="text/javascript">
<!--
function flip(e) {
  current = e.style.display;
  if (current == 'block') {
    e.style.display = 'none';
    return 0;
  }
  else {
    e.style.display = 'block';
    return 1;
  }
}

function toggleBox(szDivId, elem, msg1, msg2)
{
  var res = -1;  if (document.getElementById) {
    res = flip(document.getElementById(szDivId));
  }
  else if (document.all) {
    // this is the way old msie versions work
    res = flip(document.all[szDivId]);
  }
  if(elem) {
    if(res == 0) elem.innerHTML = msg1; else elem.innerHTML = msg2;
  }

}

function toggleAllBoxes() {
  if (document.getElementsByTagName) {
    d = document.getElementsByTagName('div');
    for (i = 0; i < d.length; i++) {
      if (d[i].className == 'log') {
        flip(d[i]);
      }
    }
  }
}

// -->
</script>

</head>
<body>
<h2 align='center'>Test</h2><table border='1' align="center">
<tr>
<td>Tests passed/Failed/Skipped:</td><td>1/14/0</td>
</tr><tr>
<td>Started on:</td><td>Mon Jul 17 17:17:12 IST 2017</td>
</tr>
<tr><td>Total time:</td><td>2 seconds (2761 ms)</td>
</tr><tr>
<td>Included groups:</td><td></td>
</tr><tr>
<td>Excluded groups:</td><td></td>
</tr>
</table><p/>
<small><i>(Hover the method name to see the test class name)</i></small><p/>
<table width='100%' border='1' class='invocation-failed'>
<tr><td colspan='4' align='center'><b>FAILED TESTS</b></td></tr>
<tr><td><b>Test method</b></td>
<td width="30%"><b>Exception</b></td>
<td width="10%"><b>Time (seconds)</b></td>
<td><b>Instance</b></td>
</tr>
<tr>
<td title='J_POC.J_POC.HS_TS009_AEPAudit_Details_Check.HS_AEPAudit_Date_Check_TC025()'><b>HS_AEPAudit_Date_Check_TC025</b><br>Test class: J_POC.J_POC.HS_TS009_AEPAudit_Details_Check</td>
<td><div><pre>junit.framework.AssertionFailedError: AEPAudit Date Check is Failed at UniqueID= D3527056787843525678 Reason as  expected:&lt;0&gt; but was:&lt;1&gt;
	at junit.framework.Assert.fail(Assert.java:57)
	at junit.framework.Assert.failNotEquals(Assert.java:329)
	at junit.framework.Assert.assertEquals(Assert.java:78)
	at junit.framework.Assert.assertEquals(Assert.java:234)
	at J_POC.J_POC.HS_TS009_AEPAudit_Details_Check.HS_AEPAudit_Date_Check_TC025(HS_TS009_AEPAudit_Details_Check.java:45)
... Removed 24 stack frames</pre></div><a href='#' onClick='toggleBox("stack-trace1991294891", this, "Click to show all stack frames", "Click to hide stack frames")'>Click to show all stack frames</a>
<div class='stack-trace' id='stack-trace1991294891'><pre>junit.framework.AssertionFailedError: AEPAudit Date Check is Failed at UniqueID= D3527056787843525678 Reason as  expected:&lt;0&gt; but was:&lt;1&gt;
	at junit.framework.Assert.fail(Assert.java:57)
	at junit.framework.Assert.failNotEquals(Assert.java:329)
	at junit.framework.Assert.assertEquals(Assert.java:78)
	at junit.framework.Assert.assertEquals(Assert.java:234)
	at J_POC.J_POC.HS_TS009_AEPAudit_Details_Check.HS_AEPAudit_Date_Check_TC025(HS_TS009_AEPAudit_Details_Check.java:45)
	at sun.reflect.NativeMethodAccessorImpl.invoke0(Native Method)
	at sun.reflect.NativeMethodAccessorImpl.invoke(NativeMethodAccessorImpl.java:62)
	at sun.reflect.DelegatingMethodAccessorImpl.invoke(DelegatingMethodAccessorImpl.java:43)
	at java.lang.reflect.Method.invoke(Method.java:498)
	at org.testng.internal.MethodInvocationHelper.invokeMethod(MethodInvocationHelper.java:80)
	at org.testng.internal.Invoker.invokeMethod(Invoker.java:715)
	at org.testng.internal.Invoker.invokeTestMethod(Invoker.java:907)
	at org.testng.internal.Invoker.invokeTestMethods(Invoker.java:1237)
	at org.testng.internal.TestMethodWorker.invokeTestMethods(TestMethodWorker.java:127)
	at org.testng.internal.TestMethodWorker.run(TestMethodWorker.java:111)
	at org.testng.TestRunner.privateRun(TestRunner.java:767)
	at org.testng.TestRunner.run(TestRunner.java:617)
	at org.testng.SuiteRunner.runTest(SuiteRunner.java:334)
	at org.testng.SuiteRunner.runSequentially(SuiteRunner.java:329)
	at org.testng.SuiteRunner.privateRun(SuiteRunner.java:291)
	at org.testng.SuiteRunner.run(SuiteRunner.java:240)
	at org.testng.SuiteRunnerWorker.runSuite(SuiteRunnerWorker.java:51)
	at org.testng.SuiteRunnerWorker.run(SuiteRunnerWorker.java:85)
	at org.testng.TestNG.runSuitesSequentially(TestNG.java:1197)
	at org.testng.TestNG.runSuitesLocally(TestNG.java:1122)
	at org.testng.TestNG.run(TestNG.java:1030)
	at org.testng.remote.AbstractRemoteTestNG.run(AbstractRemoteTestNG.java:132)
	at org.testng.remote.RemoteTestNG.initAndRun(RemoteTestNG.java:230)
	at org.testng.remote.RemoteTestNG.main(RemoteTestNG.java:76)
</pre></div></td>
<td>0</td>
<td>J_POC.J_POC.HS_TS009_AEPAudit_Details_Check@3bfdc050</td></tr>
<tr>
<td title='J_POC.J_POC.HS_TS009_AEPAudit_Details_Check.HS_AEPAudit_ProductCodes_Null_Check_TC026()'><b>HS_AEPAudit_ProductCodes_Null_Check_TC026</b><br>Test class: J_POC.J_POC.HS_TS009_AEPAudit_Details_Check</td>
<td><div><pre>com.mysql.jdbc.CommunicationsException: Communications link failure due to underlying exception: 

** BEGIN NESTED EXCEPTION ** 

java.net.ConnectException
MESSAGE: Connection refused: connect

STACKTRACE:

java.net.ConnectException: Connection refused: connect
	at java.net.DualStackPlainSocketImpl.connect0(Native Method)
	at java.net.DualStackPlainSocketImpl.socketConnect(DualStackPlainSocketImpl.java:79)
	at java.net.AbstractPlainSocketImpl.doConnect(AbstractPlainSocketImpl.java:350)
	at java.net.AbstractPlainSocketImpl.connectToAddress(AbstractPlainSocketImpl.java:206)
	at java.net.AbstractPlainSocketImpl.connect(AbstractPlainSocketImpl.java:188)
	at java.net.PlainSocketImpl.connect(PlainSocketImpl.java:172)
	at java.net.SocksSocketImpl.connect(SocksSocketImpl.java:392)
	at java.net.Socket.connect(Socket.java:589)
	at java.net.Socket.connect(Socket.java:538)
	at java.net.Socket.&lt;init&gt;(Socket.java:434)
	at java.net.Socket.&lt;init&gt;(Socket.java:244)
	at com.mysql.jdbc.StandardSocketFactory.connect(StandardSocketFactory.java:256)
	at com.mysql.jdbc.MysqlIO.&lt;init&gt;(MysqlIO.java:271)
	at com.mysql.jdbc.Connection.createNewIO(Connection.java:2771)
	at com.mysql.jdbc.Connection.&lt;init&gt;(Connection.java:1555)
	at com.mysql.jdbc.NonRegisteringDriver.connect(NonRegisteringDriver.java:285)
	at java.sql.DriverManager.getConnection(DriverManager.java:664)
	at java.sql.DriverManager.getConnection(DriverManager.java:247)
	at J_POC.J_POC.HS_TS009_AEPAudit_Details_Check.HS_AEPAudit_ProductCodes_Null_Check_TC026(HS_TS009_AEPAudit_Details_Check.java:60)


** END NESTED EXCEPTION **



Last packet sent to the server was 1 ms ago.
	at com.mysql.jdbc.Connection.createNewIO(Connection.java:2847)
	at com.mysql.jdbc.Connection.&lt;init&gt;(Connection.java:1555)
	at com.mysql.jdbc.NonRegisteringDriver.connect(NonRegisteringDriver.java:285)
	at java.sql.DriverManager.getConnection(DriverManager.java:664)
	at java.sql.DriverManager.getConnection(DriverManager.java:247)
	at J_POC.J_POC.HS_TS009_AEPAudit_Details_Check.HS_AEPAudit_ProductCodes_Null_Check_TC026(HS_TS009_AEPAudit_Details_Check.java:60)
... Removed 48 stack frames</pre></div><a href='#' onClick='toggleBox("stack-trace198761306", this, "Click to show all stack frames", "Click to hide stack frames")'>Click to show all stack frames</a>
<div class='stack-trace' id='stack-trace198761306'><pre>com.mysql.jdbc.CommunicationsException: Communications link failure due to underlying exception: 

** BEGIN NESTED EXCEPTION ** 

java.net.ConnectException
MESSAGE: Connection refused: connect

STACKTRACE:

java.net.ConnectException: Connection refused: connect
	at java.net.DualStackPlainSocketImpl.connect0(Native Method)
	at java.net.DualStackPlainSocketImpl.socketConnect(DualStackPlainSocketImpl.java:79)
	at java.net.AbstractPlainSocketImpl.doConnect(AbstractPlainSocketImpl.java:350)
	at java.net.AbstractPlainSocketImpl.connectToAddress(AbstractPlainSocketImpl.java:206)
	at java.net.AbstractPlainSocketImpl.connect(AbstractPlainSocketImpl.java:188)
	at java.net.PlainSocketImpl.connect(PlainSocketImpl.java:172)
	at java.net.SocksSocketImpl.connect(SocksSocketImpl.java:392)
	at java.net.Socket.connect(Socket.java:589)
	at java.net.Socket.connect(Socket.java:538)
	at java.net.Socket.&lt;init&gt;(Socket.java:434)
	at java.net.Socket.&lt;init&gt;(Socket.java:244)
	at com.mysql.jdbc.StandardSocketFactory.connect(StandardSocketFactory.java:256)
	at com.mysql.jdbc.MysqlIO.&lt;init&gt;(MysqlIO.java:271)
	at com.mysql.jdbc.Connection.createNewIO(Connection.java:2771)
	at com.mysql.jdbc.Connection.&lt;init&gt;(Connection.java:1555)
	at com.mysql.jdbc.NonRegisteringDriver.connect(NonRegisteringDriver.java:285)
	at java.sql.DriverManager.getConnection(DriverManager.java:664)
	at java.sql.DriverManager.getConnection(DriverManager.java:247)
	at J_POC.J_POC.HS_TS009_AEPAudit_Details_Check.HS_AEPAudit_ProductCodes_Null_Check_TC026(HS_TS009_AEPAudit_Details_Check.java:60)
	at sun.reflect.NativeMethodAccessorImpl.invoke0(Native Method)
	at sun.reflect.NativeMethodAccessorImpl.invoke(NativeMethodAccessorImpl.java:62)
	at sun.reflect.DelegatingMethodAccessorImpl.invoke(DelegatingMethodAccessorImpl.java:43)
	at java.lang.reflect.Method.invoke(Method.java:498)
	at org.testng.internal.MethodInvocationHelper.invokeMethod(MethodInvocationHelper.java:80)
	at org.testng.internal.Invoker.invokeMethod(Invoker.java:715)
	at org.testng.internal.Invoker.invokeTestMethod(Invoker.java:907)
	at org.testng.internal.Invoker.invokeTestMethods(Invoker.java:1237)
	at org.testng.internal.TestMethodWorker.invokeTestMethods(TestMethodWorker.java:127)
	at org.testng.internal.TestMethodWorker.run(TestMethodWorker.java:111)
	at org.testng.TestRunner.privateRun(TestRunner.java:767)
	at org.testng.TestRunner.run(TestRunner.java:617)
	at org.testng.SuiteRunner.runTest(SuiteRunner.java:334)
	at org.testng.SuiteRunner.runSequentially(SuiteRunner.java:329)
	at org.testng.SuiteRunner.privateRun(SuiteRunner.java:291)
	at org.testng.SuiteRunner.run(SuiteRunner.java:240)
	at org.testng.SuiteRunnerWorker.runSuite(SuiteRunnerWorker.java:51)
	at org.testng.SuiteRunnerWorker.run(SuiteRunnerWorker.java:85)
	at org.testng.TestNG.runSuitesSequentially(TestNG.java:1197)
	at org.testng.TestNG.runSuitesLocally(TestNG.java:1122)
	at org.testng.TestNG.run(TestNG.java:1030)
	at org.testng.remote.AbstractRemoteTestNG.run(AbstractRemoteTestNG.java:132)
	at org.testng.remote.RemoteTestNG.initAndRun(RemoteTestNG.java:230)
	at org.testng.remote.RemoteTestNG.main(RemoteTestNG.java:76)


** END NESTED EXCEPTION **



Last packet sent to the server was 1 ms ago.
	at com.mysql.jdbc.Connection.createNewIO(Connection.java:2847)
	at com.mysql.jdbc.Connection.&lt;init&gt;(Connection.java:1555)
	at com.mysql.jdbc.NonRegisteringDriver.connect(NonRegisteringDriver.java:285)
	at java.sql.DriverManager.getConnection(DriverManager.java:664)
	at java.sql.DriverManager.getConnection(DriverManager.java:247)
	at J_POC.J_POC.HS_TS009_AEPAudit_Details_Check.HS_AEPAudit_ProductCodes_Null_Check_TC026(HS_TS009_AEPAudit_Details_Check.java:60)
	at sun.reflect.NativeMethodAccessorImpl.invoke0(Native Method)
	at sun.reflect.NativeMethodAccessorImpl.invoke(NativeMethodAccessorImpl.java:62)
	at sun.reflect.DelegatingMethodAccessorImpl.invoke(DelegatingMethodAccessorImpl.java:43)
	at java.lang.reflect.Method.invoke(Method.java:498)
	at org.testng.internal.MethodInvocationHelper.invokeMethod(MethodInvocationHelper.java:80)
	at org.testng.internal.Invoker.invokeMethod(Invoker.java:715)
	at org.testng.internal.Invoker.invokeTestMethod(Invoker.java:907)
	at org.testng.internal.Invoker.invokeTestMethods(Invoker.java:1237)
	at org.testng.internal.TestMethodWorker.invokeTestMethods(TestMethodWorker.java:127)
	at org.testng.internal.TestMethodWorker.run(TestMethodWorker.java:111)
	at org.testng.TestRunner.privateRun(TestRunner.java:767)
	at org.testng.TestRunner.run(TestRunner.java:617)
	at org.testng.SuiteRunner.runTest(SuiteRunner.java:334)
	at org.testng.SuiteRunner.runSequentially(SuiteRunner.java:329)
	at org.testng.SuiteRunner.privateRun(SuiteRunner.java:291)
	at org.testng.SuiteRunner.run(SuiteRunner.java:240)
	at org.testng.SuiteRunnerWorker.runSuite(SuiteRunnerWorker.java:51)
	at org.testng.SuiteRunnerWorker.run(SuiteRunnerWorker.java:85)
	at org.testng.TestNG.runSuitesSequentially(TestNG.java:1197)
	at org.testng.TestNG.runSuitesLocally(TestNG.java:1122)
	at org.testng.TestNG.run(TestNG.java:1030)
	at org.testng.remote.AbstractRemoteTestNG.run(AbstractRemoteTestNG.java:132)
	at org.testng.remote.RemoteTestNG.initAndRun(RemoteTestNG.java:230)
	at org.testng.remote.RemoteTestNG.main(RemoteTestNG.java:76)
</pre></div></td>
<td>2</td>
<td>J_POC.J_POC.HS_TS009_AEPAudit_Details_Check@3bfdc050</td></tr>
<tr>
<td title='J_POC.J_POC.HS_TS008_AEPCustomer_Details_Check.HS_AEPCustomer_FirstName_Check_TC020()'><b>HS_AEPCustomer_FirstName_Check_TC020</b><br>Test class: J_POC.J_POC.HS_TS008_AEPCustomer_Details_Check</td>
<td><div><pre>java.lang.IndexOutOfBoundsException: Index: 8, Size: 8
	at java.util.ArrayList.rangeCheck(ArrayList.java:653)
	at java.util.ArrayList.get(ArrayList.java:429)
	at J_POC.J_POC.HS_TS008_AEPCustomer_Details_Check.HS_AEPCustomer_FirstName_Check_TC020(HS_TS008_AEPCustomer_Details_Check.java:48)
... Removed 24 stack frames</pre></div><a href='#' onClick='toggleBox("stack-trace1607305514", this, "Click to show all stack frames", "Click to hide stack frames")'>Click to show all stack frames</a>
<div class='stack-trace' id='stack-trace1607305514'><pre>java.lang.IndexOutOfBoundsException: Index: 8, Size: 8
	at java.util.ArrayList.rangeCheck(ArrayList.java:653)
	at java.util.ArrayList.get(ArrayList.java:429)
	at J_POC.J_POC.HS_TS008_AEPCustomer_Details_Check.HS_AEPCustomer_FirstName_Check_TC020(HS_TS008_AEPCustomer_Details_Check.java:48)
	at sun.reflect.NativeMethodAccessorImpl.invoke0(Native Method)
	at sun.reflect.NativeMethodAccessorImpl.invoke(NativeMethodAccessorImpl.java:62)
	at sun.reflect.DelegatingMethodAccessorImpl.invoke(DelegatingMethodAccessorImpl.java:43)
	at java.lang.reflect.Method.invoke(Method.java:498)
	at org.testng.internal.MethodInvocationHelper.invokeMethod(MethodInvocationHelper.java:80)
	at org.testng.internal.Invoker.invokeMethod(Invoker.java:715)
	at org.testng.internal.Invoker.invokeTestMethod(Invoker.java:907)
	at org.testng.internal.Invoker.invokeTestMethods(Invoker.java:1237)
	at org.testng.internal.TestMethodWorker.invokeTestMethods(TestMethodWorker.java:127)
	at org.testng.internal.TestMethodWorker.run(TestMethodWorker.java:111)
	at org.testng.TestRunner.privateRun(TestRunner.java:767)
	at org.testng.TestRunner.run(TestRunner.java:617)
	at org.testng.SuiteRunner.runTest(SuiteRunner.java:334)
	at org.testng.SuiteRunner.runSequentially(SuiteRunner.java:329)
	at org.testng.SuiteRunner.privateRun(SuiteRunner.java:291)
	at org.testng.SuiteRunner.run(SuiteRunner.java:240)
	at org.testng.SuiteRunnerWorker.runSuite(SuiteRunnerWorker.java:51)
	at org.testng.SuiteRunnerWorker.run(SuiteRunnerWorker.java:85)
	at org.testng.TestNG.runSuitesSequentially(TestNG.java:1197)
	at org.testng.TestNG.runSuitesLocally(TestNG.java:1122)
	at org.testng.TestNG.run(TestNG.java:1030)
	at org.testng.remote.AbstractRemoteTestNG.run(AbstractRemoteTestNG.java:132)
	at org.testng.remote.RemoteTestNG.initAndRun(RemoteTestNG.java:230)
	at org.testng.remote.RemoteTestNG.main(RemoteTestNG.java:76)
</pre></div></td>
<td>0</td>
<td>J_POC.J_POC.HS_TS008_AEPCustomer_Details_Check@59f99ea</td></tr>
<tr>
<td title='J_POC.J_POC.HS_TS008_AEPCustomer_Details_Check.HS_AEPCustomer_LastName_Check_TC021()'><b>HS_AEPCustomer_LastName_Check_TC021</b><br>Test class: J_POC.J_POC.HS_TS008_AEPCustomer_Details_Check</td>
<td><div><pre>junit.framework.ComparisonFailure: AEP Partner Last name Check is Failed expected:&lt;Lokesh&gt; but was:&lt;null&gt;
	at junit.framework.Assert.assertEquals(Assert.java:100)
	at J_POC.J_POC.HS_TS008_AEPCustomer_Details_Check.HS_AEPCustomer_LastName_Check_TC021(HS_TS008_AEPCustomer_Details_Check.java:101)
... Removed 24 stack frames</pre></div><a href='#' onClick='toggleBox("stack-trace1024429571", this, "Click to show all stack frames", "Click to hide stack frames")'>Click to show all stack frames</a>
<div class='stack-trace' id='stack-trace1024429571'><pre>junit.framework.ComparisonFailure: AEP Partner Last name Check is Failed expected:&lt;Lokesh&gt; but was:&lt;null&gt;
	at junit.framework.Assert.assertEquals(Assert.java:100)
	at J_POC.J_POC.HS_TS008_AEPCustomer_Details_Check.HS_AEPCustomer_LastName_Check_TC021(HS_TS008_AEPCustomer_Details_Check.java:101)
	at sun.reflect.NativeMethodAccessorImpl.invoke0(Native Method)
	at sun.reflect.NativeMethodAccessorImpl.invoke(NativeMethodAccessorImpl.java:62)
	at sun.reflect.DelegatingMethodAccessorImpl.invoke(DelegatingMethodAccessorImpl.java:43)
	at java.lang.reflect.Method.invoke(Method.java:498)
	at org.testng.internal.MethodInvocationHelper.invokeMethod(MethodInvocationHelper.java:80)
	at org.testng.internal.Invoker.invokeMethod(Invoker.java:715)
	at org.testng.internal.Invoker.invokeTestMethod(Invoker.java:907)
	at org.testng.internal.Invoker.invokeTestMethods(Invoker.java:1237)
	at org.testng.internal.TestMethodWorker.invokeTestMethods(TestMethodWorker.java:127)
	at org.testng.internal.TestMethodWorker.run(TestMethodWorker.java:111)
	at org.testng.TestRunner.privateRun(TestRunner.java:767)
	at org.testng.TestRunner.run(TestRunner.java:617)
	at org.testng.SuiteRunner.runTest(SuiteRunner.java:334)
	at org.testng.SuiteRunner.runSequentially(SuiteRunner.java:329)
	at org.testng.SuiteRunner.privateRun(SuiteRunner.java:291)
	at org.testng.SuiteRunner.run(SuiteRunner.java:240)
	at org.testng.SuiteRunnerWorker.runSuite(SuiteRunnerWorker.java:51)
	at org.testng.SuiteRunnerWorker.run(SuiteRunnerWorker.java:85)
	at org.testng.TestNG.runSuitesSequentially(TestNG.java:1197)
	at org.testng.TestNG.runSuitesLocally(TestNG.java:1122)
	at org.testng.TestNG.run(TestNG.java:1030)
	at org.testng.remote.AbstractRemoteTestNG.run(AbstractRemoteTestNG.java:132)
	at org.testng.remote.RemoteTestNG.initAndRun(RemoteTestNG.java:230)
	at org.testng.remote.RemoteTestNG.main(RemoteTestNG.java:76)
</pre></div></td>
<td>0</td>
<td>J_POC.J_POC.HS_TS008_AEPCustomer_Details_Check@59f99ea</td></tr>
<tr>
<td title='J_POC.J_POC.HS_TS008_AEPCustomer_Details_Check.HS_AEPCustomer_PremisesAddressZipPlus4_Check_TC023()'><b>HS_AEPCustomer_PremisesAddressZipPlus4_Check_TC023</b><br>Test class: J_POC.J_POC.HS_TS008_AEPCustomer_Details_Check</td>
<td><div><pre>junit.framework.AssertionFailedError: AEP Partner Premises Address Zip Plus4 Pattern Check is Failed expected:&lt;false&gt; but was:&lt;true&gt;
	at junit.framework.Assert.fail(Assert.java:57)
	at junit.framework.Assert.failNotEquals(Assert.java:329)
	at junit.framework.Assert.assertEquals(Assert.java:78)
	at junit.framework.Assert.assertEquals(Assert.java:174)
	at J_POC.J_POC.HS_TS008_AEPCustomer_Details_Check.HS_AEPCustomer_PremisesAddressZipPlus4_Check_TC023(HS_TS008_AEPCustomer_Details_Check.java:246)
... Removed 24 stack frames</pre></div><a href='#' onClick='toggleBox("stack-trace1218593486", this, "Click to show all stack frames", "Click to hide stack frames")'>Click to show all stack frames</a>
<div class='stack-trace' id='stack-trace1218593486'><pre>junit.framework.AssertionFailedError: AEP Partner Premises Address Zip Plus4 Pattern Check is Failed expected:&lt;false&gt; but was:&lt;true&gt;
	at junit.framework.Assert.fail(Assert.java:57)
	at junit.framework.Assert.failNotEquals(Assert.java:329)
	at junit.framework.Assert.assertEquals(Assert.java:78)
	at junit.framework.Assert.assertEquals(Assert.java:174)
	at J_POC.J_POC.HS_TS008_AEPCustomer_Details_Check.HS_AEPCustomer_PremisesAddressZipPlus4_Check_TC023(HS_TS008_AEPCustomer_Details_Check.java:246)
	at sun.reflect.NativeMethodAccessorImpl.invoke0(Native Method)
	at sun.reflect.NativeMethodAccessorImpl.invoke(NativeMethodAccessorImpl.java:62)
	at sun.reflect.DelegatingMethodAccessorImpl.invoke(DelegatingMethodAccessorImpl.java:43)
	at java.lang.reflect.Method.invoke(Method.java:498)
	at org.testng.internal.MethodInvocationHelper.invokeMethod(MethodInvocationHelper.java:80)
	at org.testng.internal.Invoker.invokeMethod(Invoker.java:715)
	at org.testng.internal.Invoker.invokeTestMethod(Invoker.java:907)
	at org.testng.internal.Invoker.invokeTestMethods(Invoker.java:1237)
	at org.testng.internal.TestMethodWorker.invokeTestMethods(TestMethodWorker.java:127)
	at org.testng.internal.TestMethodWorker.run(TestMethodWorker.java:111)
	at org.testng.TestRunner.privateRun(TestRunner.java:767)
	at org.testng.TestRunner.run(TestRunner.java:617)
	at org.testng.SuiteRunner.runTest(SuiteRunner.java:334)
	at org.testng.SuiteRunner.runSequentially(SuiteRunner.java:329)
	at org.testng.SuiteRunner.privateRun(SuiteRunner.java:291)
	at org.testng.SuiteRunner.run(SuiteRunner.java:240)
	at org.testng.SuiteRunnerWorker.runSuite(SuiteRunnerWorker.java:51)
	at org.testng.SuiteRunnerWorker.run(SuiteRunnerWorker.java:85)
	at org.testng.TestNG.runSuitesSequentially(TestNG.java:1197)
	at org.testng.TestNG.runSuitesLocally(TestNG.java:1122)
	at org.testng.TestNG.run(TestNG.java:1030)
	at org.testng.remote.AbstractRemoteTestNG.run(AbstractRemoteTestNG.java:132)
	at org.testng.remote.RemoteTestNG.initAndRun(RemoteTestNG.java:230)
	at org.testng.remote.RemoteTestNG.main(RemoteTestNG.java:76)
</pre></div></td>
<td>0</td>
<td>J_POC.J_POC.HS_TS008_AEPCustomer_Details_Check@59f99ea</td></tr>
<tr>
<td title='J_POC.J_POC.HS_TS008_AEPCustomer_Details_Check.HS_AEPCustomer_UniqueID_Check_TC024()'><b>HS_AEPCustomer_UniqueID_Check_TC024</b><br>Test class: J_POC.J_POC.HS_TS008_AEPCustomer_Details_Check</td>
<td><div><pre>junit.framework.ComparisonFailure: AEP Partner User ID Check is Failed expected:&lt;lok@[]]124673229&gt; but was:&lt;lok@[]124673229&gt;
	at junit.framework.Assert.assertEquals(Assert.java:100)
	at J_POC.J_POC.HS_TS008_AEPCustomer_Details_Check.HS_AEPCustomer_UniqueID_Check_TC024(HS_TS008_AEPCustomer_Details_Check.java:285)
... Removed 24 stack frames</pre></div><a href='#' onClick='toggleBox("stack-trace322836221", this, "Click to show all stack frames", "Click to hide stack frames")'>Click to show all stack frames</a>
<div class='stack-trace' id='stack-trace322836221'><pre>junit.framework.ComparisonFailure: AEP Partner User ID Check is Failed expected:&lt;lok@[]]124673229&gt; but was:&lt;lok@[]124673229&gt;
	at junit.framework.Assert.assertEquals(Assert.java:100)
	at J_POC.J_POC.HS_TS008_AEPCustomer_Details_Check.HS_AEPCustomer_UniqueID_Check_TC024(HS_TS008_AEPCustomer_Details_Check.java:285)
	at sun.reflect.NativeMethodAccessorImpl.invoke0(Native Method)
	at sun.reflect.NativeMethodAccessorImpl.invoke(NativeMethodAccessorImpl.java:62)
	at sun.reflect.DelegatingMethodAccessorImpl.invoke(DelegatingMethodAccessorImpl.java:43)
	at java.lang.reflect.Method.invoke(Method.java:498)
	at org.testng.internal.MethodInvocationHelper.invokeMethod(MethodInvocationHelper.java:80)
	at org.testng.internal.Invoker.invokeMethod(Invoker.java:715)
	at org.testng.internal.Invoker.invokeTestMethod(Invoker.java:907)
	at org.testng.internal.Invoker.invokeTestMethods(Invoker.java:1237)
	at org.testng.internal.TestMethodWorker.invokeTestMethods(TestMethodWorker.java:127)
	at org.testng.internal.TestMethodWorker.run(TestMethodWorker.java:111)
	at org.testng.TestRunner.privateRun(TestRunner.java:767)
	at org.testng.TestRunner.run(TestRunner.java:617)
	at org.testng.SuiteRunner.runTest(SuiteRunner.java:334)
	at org.testng.SuiteRunner.runSequentially(SuiteRunner.java:329)
	at org.testng.SuiteRunner.privateRun(SuiteRunner.java:291)
	at org.testng.SuiteRunner.run(SuiteRunner.java:240)
	at org.testng.SuiteRunnerWorker.runSuite(SuiteRunnerWorker.java:51)
	at org.testng.SuiteRunnerWorker.run(SuiteRunnerWorker.java:85)
	at org.testng.TestNG.runSuitesSequentially(TestNG.java:1197)
	at org.testng.TestNG.runSuitesLocally(TestNG.java:1122)
	at org.testng.TestNG.run(TestNG.java:1030)
	at org.testng.remote.AbstractRemoteTestNG.run(AbstractRemoteTestNG.java:132)
	at org.testng.remote.RemoteTestNG.initAndRun(RemoteTestNG.java:230)
	at org.testng.remote.RemoteTestNG.main(RemoteTestNG.java:76)
</pre></div></td>
<td>0</td>
<td>J_POC.J_POC.HS_TS008_AEPCustomer_Details_Check@59f99ea</td></tr>
<tr>
<td title='J_POC.J_POC.HS_TS007_Premise_Name_Check.HS_Premise_First_Name_Check_TC018()'><b>HS_Premise_First_Name_Check_TC018</b><br>Test class: J_POC.J_POC.HS_TS007_Premise_Name_Check</td>
<td><div><pre>junit.framework.AssertionFailedError: Premise_First_Name is Mandatory expected:&lt;0&gt; but was:&lt;14&gt;
	at junit.framework.Assert.fail(Assert.java:57)
	at junit.framework.Assert.failNotEquals(Assert.java:329)
	at junit.framework.Assert.assertEquals(Assert.java:78)
	at junit.framework.Assert.assertEquals(Assert.java:234)
	at J_POC.J_POC.HS_TS007_Premise_Name_Check.HS_Premise_First_Name_Check_TC018(HS_TS007_Premise_Name_Check.java:32)
... Removed 24 stack frames</pre></div><a href='#' onClick='toggleBox("stack-trace1596467899", this, "Click to show all stack frames", "Click to hide stack frames")'>Click to show all stack frames</a>
<div class='stack-trace' id='stack-trace1596467899'><pre>junit.framework.AssertionFailedError: Premise_First_Name is Mandatory expected:&lt;0&gt; but was:&lt;14&gt;
	at junit.framework.Assert.fail(Assert.java:57)
	at junit.framework.Assert.failNotEquals(Assert.java:329)
	at junit.framework.Assert.assertEquals(Assert.java:78)
	at junit.framework.Assert.assertEquals(Assert.java:234)
	at J_POC.J_POC.HS_TS007_Premise_Name_Check.HS_Premise_First_Name_Check_TC018(HS_TS007_Premise_Name_Check.java:32)
	at sun.reflect.NativeMethodAccessorImpl.invoke0(Native Method)
	at sun.reflect.NativeMethodAccessorImpl.invoke(NativeMethodAccessorImpl.java:62)
	at sun.reflect.DelegatingMethodAccessorImpl.invoke(DelegatingMethodAccessorImpl.java:43)
	at java.lang.reflect.Method.invoke(Method.java:498)
	at org.testng.internal.MethodInvocationHelper.invokeMethod(MethodInvocationHelper.java:80)
	at org.testng.internal.Invoker.invokeMethod(Invoker.java:715)
	at org.testng.internal.Invoker.invokeTestMethod(Invoker.java:907)
	at org.testng.internal.Invoker.invokeTestMethods(Invoker.java:1237)
	at org.testng.internal.TestMethodWorker.invokeTestMethods(TestMethodWorker.java:127)
	at org.testng.internal.TestMethodWorker.run(TestMethodWorker.java:111)
	at org.testng.TestRunner.privateRun(TestRunner.java:767)
	at org.testng.TestRunner.run(TestRunner.java:617)
	at org.testng.SuiteRunner.runTest(SuiteRunner.java:334)
	at org.testng.SuiteRunner.runSequentially(SuiteRunner.java:329)
	at org.testng.SuiteRunner.privateRun(SuiteRunner.java:291)
	at org.testng.SuiteRunner.run(SuiteRunner.java:240)
	at org.testng.SuiteRunnerWorker.runSuite(SuiteRunnerWorker.java:51)
	at org.testng.SuiteRunnerWorker.run(SuiteRunnerWorker.java:85)
	at org.testng.TestNG.runSuitesSequentially(TestNG.java:1197)
	at org.testng.TestNG.runSuitesLocally(TestNG.java:1122)
	at org.testng.TestNG.run(TestNG.java:1030)
	at org.testng.remote.AbstractRemoteTestNG.run(AbstractRemoteTestNG.java:132)
	at org.testng.remote.RemoteTestNG.initAndRun(RemoteTestNG.java:230)
	at org.testng.remote.RemoteTestNG.main(RemoteTestNG.java:76)
</pre></div></td>
<td>0</td>
<td>J_POC.J_POC.HS_TS007_Premise_Name_Check@1bce4f0a</td></tr>
<tr>
<td title='J_POC.J_POC.HS_TS007_Premise_Name_Check.HS_Premise_Last_Name_Check_TC019()'><b>HS_Premise_Last_Name_Check_TC019</b><br>Test class: J_POC.J_POC.HS_TS007_Premise_Name_Check</td>
<td><div><pre>junit.framework.AssertionFailedError: Premise_Last_Name is Mandatory expected:&lt;0&gt; but was:&lt;2&gt;
	at junit.framework.Assert.fail(Assert.java:57)
	at junit.framework.Assert.failNotEquals(Assert.java:329)
	at junit.framework.Assert.assertEquals(Assert.java:78)
	at junit.framework.Assert.assertEquals(Assert.java:234)
	at J_POC.J_POC.HS_TS007_Premise_Name_Check.HS_Premise_Last_Name_Check_TC019(HS_TS007_Premise_Name_Check.java:61)
... Removed 24 stack frames</pre></div><a href='#' onClick='toggleBox("stack-trace990416209", this, "Click to show all stack frames", "Click to hide stack frames")'>Click to show all stack frames</a>
<div class='stack-trace' id='stack-trace990416209'><pre>junit.framework.AssertionFailedError: Premise_Last_Name is Mandatory expected:&lt;0&gt; but was:&lt;2&gt;
	at junit.framework.Assert.fail(Assert.java:57)
	at junit.framework.Assert.failNotEquals(Assert.java:329)
	at junit.framework.Assert.assertEquals(Assert.java:78)
	at junit.framework.Assert.assertEquals(Assert.java:234)
	at J_POC.J_POC.HS_TS007_Premise_Name_Check.HS_Premise_Last_Name_Check_TC019(HS_TS007_Premise_Name_Check.java:61)
	at sun.reflect.NativeMethodAccessorImpl.invoke0(Native Method)
	at sun.reflect.NativeMethodAccessorImpl.invoke(NativeMethodAccessorImpl.java:62)
	at sun.reflect.DelegatingMethodAccessorImpl.invoke(DelegatingMethodAccessorImpl.java:43)
	at java.lang.reflect.Method.invoke(Method.java:498)
	at org.testng.internal.MethodInvocationHelper.invokeMethod(MethodInvocationHelper.java:80)
	at org.testng.internal.Invoker.invokeMethod(Invoker.java:715)
	at org.testng.internal.Invoker.invokeTestMethod(Invoker.java:907)
	at org.testng.internal.Invoker.invokeTestMethods(Invoker.java:1237)
	at org.testng.internal.TestMethodWorker.invokeTestMethods(TestMethodWorker.java:127)
	at org.testng.internal.TestMethodWorker.run(TestMethodWorker.java:111)
	at org.testng.TestRunner.privateRun(TestRunner.java:767)
	at org.testng.TestRunner.run(TestRunner.java:617)
	at org.testng.SuiteRunner.runTest(SuiteRunner.java:334)
	at org.testng.SuiteRunner.runSequentially(SuiteRunner.java:329)
	at org.testng.SuiteRunner.privateRun(SuiteRunner.java:291)
	at org.testng.SuiteRunner.run(SuiteRunner.java:240)
	at org.testng.SuiteRunnerWorker.runSuite(SuiteRunnerWorker.java:51)
	at org.testng.SuiteRunnerWorker.run(SuiteRunnerWorker.java:85)
	at org.testng.TestNG.runSuitesSequentially(TestNG.java:1197)
	at org.testng.TestNG.runSuitesLocally(TestNG.java:1122)
	at org.testng.TestNG.run(TestNG.java:1030)
	at org.testng.remote.AbstractRemoteTestNG.run(AbstractRemoteTestNG.java:132)
	at org.testng.remote.RemoteTestNG.initAndRun(RemoteTestNG.java:230)
	at org.testng.remote.RemoteTestNG.main(RemoteTestNG.java:76)
</pre></div></td>
<td>0</td>
<td>J_POC.J_POC.HS_TS007_Premise_Name_Check@1bce4f0a</td></tr>
<tr>
<td title='J_POC.J_POC.HS_TS010_PaymentsFromPartner_Check.HS_SJPayments_AccountNumber_Check_TC028()'><b>HS_SJPayments_AccountNumber_Check_TC028</b><br>Test class: J_POC.J_POC.HS_TS010_PaymentsFromPartner_Check</td>
<td><div><pre>junit.framework.AssertionFailedError: Payments From Partner Account Number check is as Expected  expected:&lt;0&gt; but was:&lt;1&gt;
	at junit.framework.Assert.fail(Assert.java:57)
	at junit.framework.Assert.failNotEquals(Assert.java:329)
	at junit.framework.Assert.assertEquals(Assert.java:78)
	at junit.framework.Assert.assertEquals(Assert.java:234)
	at J_POC.J_POC.HS_TS010_PaymentsFromPartner_Check.HS_SJPayments_AccountNumber_Check_TC028(HS_TS010_PaymentsFromPartner_Check.java:36)
... Removed 24 stack frames</pre></div><a href='#' onClick='toggleBox("stack-trace81009902", this, "Click to show all stack frames", "Click to hide stack frames")'>Click to show all stack frames</a>
<div class='stack-trace' id='stack-trace81009902'><pre>junit.framework.AssertionFailedError: Payments From Partner Account Number check is as Expected  expected:&lt;0&gt; but was:&lt;1&gt;
	at junit.framework.Assert.fail(Assert.java:57)
	at junit.framework.Assert.failNotEquals(Assert.java:329)
	at junit.framework.Assert.assertEquals(Assert.java:78)
	at junit.framework.Assert.assertEquals(Assert.java:234)
	at J_POC.J_POC.HS_TS010_PaymentsFromPartner_Check.HS_SJPayments_AccountNumber_Check_TC028(HS_TS010_PaymentsFromPartner_Check.java:36)
	at sun.reflect.NativeMethodAccessorImpl.invoke0(Native Method)
	at sun.reflect.NativeMethodAccessorImpl.invoke(NativeMethodAccessorImpl.java:62)
	at sun.reflect.DelegatingMethodAccessorImpl.invoke(DelegatingMethodAccessorImpl.java:43)
	at java.lang.reflect.Method.invoke(Method.java:498)
	at org.testng.internal.MethodInvocationHelper.invokeMethod(MethodInvocationHelper.java:80)
	at org.testng.internal.Invoker.invokeMethod(Invoker.java:715)
	at org.testng.internal.Invoker.invokeTestMethod(Invoker.java:907)
	at org.testng.internal.Invoker.invokeTestMethods(Invoker.java:1237)
	at org.testng.internal.TestMethodWorker.invokeTestMethods(TestMethodWorker.java:127)
	at org.testng.internal.TestMethodWorker.run(TestMethodWorker.java:111)
	at org.testng.TestRunner.privateRun(TestRunner.java:767)
	at org.testng.TestRunner.run(TestRunner.java:617)
	at org.testng.SuiteRunner.runTest(SuiteRunner.java:334)
	at org.testng.SuiteRunner.runSequentially(SuiteRunner.java:329)
	at org.testng.SuiteRunner.privateRun(SuiteRunner.java:291)
	at org.testng.SuiteRunner.run(SuiteRunner.java:240)
	at org.testng.SuiteRunnerWorker.runSuite(SuiteRunnerWorker.java:51)
	at org.testng.SuiteRunnerWorker.run(SuiteRunnerWorker.java:85)
	at org.testng.TestNG.runSuitesSequentially(TestNG.java:1197)
	at org.testng.TestNG.runSuitesLocally(TestNG.java:1122)
	at org.testng.TestNG.run(TestNG.java:1030)
	at org.testng.remote.AbstractRemoteTestNG.run(AbstractRemoteTestNG.java:132)
	at org.testng.remote.RemoteTestNG.initAndRun(RemoteTestNG.java:230)
	at org.testng.remote.RemoteTestNG.main(RemoteTestNG.java:76)
</pre></div></td>
<td>0</td>
<td>J_POC.J_POC.HS_TS010_PaymentsFromPartner_Check@5e3a8624</td></tr>
<tr>
<td title='J_POC.J_POC.HS_TS010_PaymentsFromPartner_Check.HS_SJPayments_ChargeType_Check_TC029()'><b>HS_SJPayments_ChargeType_Check_TC029</b><br>Test class: J_POC.J_POC.HS_TS010_PaymentsFromPartner_Check</td>
<td><div><pre>junit.framework.AssertionFailedError: Payments From Partner Charge Type Check is Failed at Partner_Account_Number= ACCD101N8776123 Reason as  expected:&lt;0&gt; but was:&lt;1&gt;
	at junit.framework.Assert.fail(Assert.java:57)
	at junit.framework.Assert.failNotEquals(Assert.java:329)
	at junit.framework.Assert.assertEquals(Assert.java:78)
	at junit.framework.Assert.assertEquals(Assert.java:234)
	at J_POC.J_POC.HS_TS010_PaymentsFromPartner_Check.HS_SJPayments_ChargeType_Check_TC029(HS_TS010_PaymentsFromPartner_Check.java:68)
... Removed 24 stack frames</pre></div><a href='#' onClick='toggleBox("stack-trace764372388", this, "Click to show all stack frames", "Click to hide stack frames")'>Click to show all stack frames</a>
<div class='stack-trace' id='stack-trace764372388'><pre>junit.framework.AssertionFailedError: Payments From Partner Charge Type Check is Failed at Partner_Account_Number= ACCD101N8776123 Reason as  expected:&lt;0&gt; but was:&lt;1&gt;
	at junit.framework.Assert.fail(Assert.java:57)
	at junit.framework.Assert.failNotEquals(Assert.java:329)
	at junit.framework.Assert.assertEquals(Assert.java:78)
	at junit.framework.Assert.assertEquals(Assert.java:234)
	at J_POC.J_POC.HS_TS010_PaymentsFromPartner_Check.HS_SJPayments_ChargeType_Check_TC029(HS_TS010_PaymentsFromPartner_Check.java:68)
	at sun.reflect.NativeMethodAccessorImpl.invoke0(Native Method)
	at sun.reflect.NativeMethodAccessorImpl.invoke(NativeMethodAccessorImpl.java:62)
	at sun.reflect.DelegatingMethodAccessorImpl.invoke(DelegatingMethodAccessorImpl.java:43)
	at java.lang.reflect.Method.invoke(Method.java:498)
	at org.testng.internal.MethodInvocationHelper.invokeMethod(MethodInvocationHelper.java:80)
	at org.testng.internal.Invoker.invokeMethod(Invoker.java:715)
	at org.testng.internal.Invoker.invokeTestMethod(Invoker.java:907)
	at org.testng.internal.Invoker.invokeTestMethods(Invoker.java:1237)
	at org.testng.internal.TestMethodWorker.invokeTestMethods(TestMethodWorker.java:127)
	at org.testng.internal.TestMethodWorker.run(TestMethodWorker.java:111)
	at org.testng.TestRunner.privateRun(TestRunner.java:767)
	at org.testng.TestRunner.run(TestRunner.java:617)
	at org.testng.SuiteRunner.runTest(SuiteRunner.java:334)
	at org.testng.SuiteRunner.runSequentially(SuiteRunner.java:329)
	at org.testng.SuiteRunner.privateRun(SuiteRunner.java:291)
	at org.testng.SuiteRunner.run(SuiteRunner.java:240)
	at org.testng.SuiteRunnerWorker.runSuite(SuiteRunnerWorker.java:51)
	at org.testng.SuiteRunnerWorker.run(SuiteRunnerWorker.java:85)
	at org.testng.TestNG.runSuitesSequentially(TestNG.java:1197)
	at org.testng.TestNG.runSuitesLocally(TestNG.java:1122)
	at org.testng.TestNG.run(TestNG.java:1030)
	at org.testng.remote.AbstractRemoteTestNG.run(AbstractRemoteTestNG.java:132)
	at org.testng.remote.RemoteTestNG.initAndRun(RemoteTestNG.java:230)
	at org.testng.remote.RemoteTestNG.main(RemoteTestNG.java:76)
</pre></div></td>
<td>0</td>
<td>J_POC.J_POC.HS_TS010_PaymentsFromPartner_Check@5e3a8624</td></tr>
<tr>
<td title='J_POC.J_POC.HS_TS010_PaymentsFromPartner_Check.HS_SJPayments_Invoice_Number_Check_TC030()'><b>HS_SJPayments_Invoice_Number_Check_TC030</b><br>Test class: J_POC.J_POC.HS_TS010_PaymentsFromPartner_Check</td>
<td><div><pre>junit.framework.AssertionFailedError: Payments From Partner Charge Type Check is Failed at Partner_Account_Number= ACCD101N8776123 Reason as  expected:&lt;0&gt; but was:&lt;1&gt;
	at junit.framework.Assert.fail(Assert.java:57)
	at junit.framework.Assert.failNotEquals(Assert.java:329)
	at junit.framework.Assert.assertEquals(Assert.java:78)
	at junit.framework.Assert.assertEquals(Assert.java:234)
	at J_POC.J_POC.HS_TS010_PaymentsFromPartner_Check.HS_SJPayments_Invoice_Number_Check_TC030(HS_TS010_PaymentsFromPartner_Check.java:97)
... Removed 24 stack frames</pre></div><a href='#' onClick='toggleBox("stack-trace238157928", this, "Click to show all stack frames", "Click to hide stack frames")'>Click to show all stack frames</a>
<div class='stack-trace' id='stack-trace238157928'><pre>junit.framework.AssertionFailedError: Payments From Partner Charge Type Check is Failed at Partner_Account_Number= ACCD101N8776123 Reason as  expected:&lt;0&gt; but was:&lt;1&gt;
	at junit.framework.Assert.fail(Assert.java:57)
	at junit.framework.Assert.failNotEquals(Assert.java:329)
	at junit.framework.Assert.assertEquals(Assert.java:78)
	at junit.framework.Assert.assertEquals(Assert.java:234)
	at J_POC.J_POC.HS_TS010_PaymentsFromPartner_Check.HS_SJPayments_Invoice_Number_Check_TC030(HS_TS010_PaymentsFromPartner_Check.java:97)
	at sun.reflect.NativeMethodAccessorImpl.invoke0(Native Method)
	at sun.reflect.NativeMethodAccessorImpl.invoke(NativeMethodAccessorImpl.java:62)
	at sun.reflect.DelegatingMethodAccessorImpl.invoke(DelegatingMethodAccessorImpl.java:43)
	at java.lang.reflect.Method.invoke(Method.java:498)
	at org.testng.internal.MethodInvocationHelper.invokeMethod(MethodInvocationHelper.java:80)
	at org.testng.internal.Invoker.invokeMethod(Invoker.java:715)
	at org.testng.internal.Invoker.invokeTestMethod(Invoker.java:907)
	at org.testng.internal.Invoker.invokeTestMethods(Invoker.java:1237)
	at org.testng.internal.TestMethodWorker.invokeTestMethods(TestMethodWorker.java:127)
	at org.testng.internal.TestMethodWorker.run(TestMethodWorker.java:111)
	at org.testng.TestRunner.privateRun(TestRunner.java:767)
	at org.testng.TestRunner.run(TestRunner.java:617)
	at org.testng.SuiteRunner.runTest(SuiteRunner.java:334)
	at org.testng.SuiteRunner.runSequentially(SuiteRunner.java:329)
	at org.testng.SuiteRunner.privateRun(SuiteRunner.java:291)
	at org.testng.SuiteRunner.run(SuiteRunner.java:240)
	at org.testng.SuiteRunnerWorker.runSuite(SuiteRunnerWorker.java:51)
	at org.testng.SuiteRunnerWorker.run(SuiteRunnerWorker.java:85)
	at org.testng.TestNG.runSuitesSequentially(TestNG.java:1197)
	at org.testng.TestNG.runSuitesLocally(TestNG.java:1122)
	at org.testng.TestNG.run(TestNG.java:1030)
	at org.testng.remote.AbstractRemoteTestNG.run(AbstractRemoteTestNG.java:132)
	at org.testng.remote.RemoteTestNG.initAndRun(RemoteTestNG.java:230)
	at org.testng.remote.RemoteTestNG.main(RemoteTestNG.java:76)
</pre></div></td>
<td>0</td>
<td>J_POC.J_POC.HS_TS010_PaymentsFromPartner_Check@5e3a8624</td></tr>
<tr>
<td title='J_POC.J_POC.HS_TS010_PaymentsFromPartner_Check.HS_SJPayments_Partner_ChargeSign_Check_TC032()'><b>HS_SJPayments_Partner_ChargeSign_Check_TC032</b><br>Test class: J_POC.J_POC.HS_TS010_PaymentsFromPartner_Check</td>
<td><div><pre>junit.framework.AssertionFailedError: Payments From Partner Charge Sign Check is Failed at Partner_Account_Number= ACCD101N8776123 expected:&lt;0&gt; but was:&lt;1&gt;
	at junit.framework.Assert.fail(Assert.java:57)
	at junit.framework.Assert.failNotEquals(Assert.java:329)
	at junit.framework.Assert.assertEquals(Assert.java:78)
	at junit.framework.Assert.assertEquals(Assert.java:234)
	at J_POC.J_POC.HS_TS010_PaymentsFromPartner_Check.HS_SJPayments_Partner_ChargeSign_Check_TC032(HS_TS010_PaymentsFromPartner_Check.java:154)
... Removed 24 stack frames</pre></div><a href='#' onClick='toggleBox("stack-trace1150538133", this, "Click to show all stack frames", "Click to hide stack frames")'>Click to show all stack frames</a>
<div class='stack-trace' id='stack-trace1150538133'><pre>junit.framework.AssertionFailedError: Payments From Partner Charge Sign Check is Failed at Partner_Account_Number= ACCD101N8776123 expected:&lt;0&gt; but was:&lt;1&gt;
	at junit.framework.Assert.fail(Assert.java:57)
	at junit.framework.Assert.failNotEquals(Assert.java:329)
	at junit.framework.Assert.assertEquals(Assert.java:78)
	at junit.framework.Assert.assertEquals(Assert.java:234)
	at J_POC.J_POC.HS_TS010_PaymentsFromPartner_Check.HS_SJPayments_Partner_ChargeSign_Check_TC032(HS_TS010_PaymentsFromPartner_Check.java:154)
	at sun.reflect.NativeMethodAccessorImpl.invoke0(Native Method)
	at sun.reflect.NativeMethodAccessorImpl.invoke(NativeMethodAccessorImpl.java:62)
	at sun.reflect.DelegatingMethodAccessorImpl.invoke(DelegatingMethodAccessorImpl.java:43)
	at java.lang.reflect.Method.invoke(Method.java:498)
	at org.testng.internal.MethodInvocationHelper.invokeMethod(MethodInvocationHelper.java:80)
	at org.testng.internal.Invoker.invokeMethod(Invoker.java:715)
	at org.testng.internal.Invoker.invokeTestMethod(Invoker.java:907)
	at org.testng.internal.Invoker.invokeTestMethods(Invoker.java:1237)
	at org.testng.internal.TestMethodWorker.invokeTestMethods(TestMethodWorker.java:127)
	at org.testng.internal.TestMethodWorker.run(TestMethodWorker.java:111)
	at org.testng.TestRunner.privateRun(TestRunner.java:767)
	at org.testng.TestRunner.run(TestRunner.java:617)
	at org.testng.SuiteRunner.runTest(SuiteRunner.java:334)
	at org.testng.SuiteRunner.runSequentially(SuiteRunner.java:329)
	at org.testng.SuiteRunner.privateRun(SuiteRunner.java:291)
	at org.testng.SuiteRunner.run(SuiteRunner.java:240)
	at org.testng.SuiteRunnerWorker.runSuite(SuiteRunnerWorker.java:51)
	at org.testng.SuiteRunnerWorker.run(SuiteRunnerWorker.java:85)
	at org.testng.TestNG.runSuitesSequentially(TestNG.java:1197)
	at org.testng.TestNG.runSuitesLocally(TestNG.java:1122)
	at org.testng.TestNG.run(TestNG.java:1030)
	at org.testng.remote.AbstractRemoteTestNG.run(AbstractRemoteTestNG.java:132)
	at org.testng.remote.RemoteTestNG.initAndRun(RemoteTestNG.java:230)
	at org.testng.remote.RemoteTestNG.main(RemoteTestNG.java:76)
</pre></div></td>
<td>0</td>
<td>J_POC.J_POC.HS_TS010_PaymentsFromPartner_Check@5e3a8624</td></tr>
<tr>
<td title='J_POC.J_POC.HS_TS010_PaymentsFromPartner_Check.HS_SJPayments_Partner_Record_Type_Check_TC033()'><b>HS_SJPayments_Partner_Record_Type_Check_TC033</b><br>Test class: J_POC.J_POC.HS_TS010_PaymentsFromPartner_Check</td>
<td><div><pre>junit.framework.AssertionFailedError: Payments From Partner Record Type Check is Failed at Partner_Account_Number= ACCD101N9880765 expected:&lt;0&gt; but was:&lt;1&gt;
	at junit.framework.Assert.fail(Assert.java:57)
	at junit.framework.Assert.failNotEquals(Assert.java:329)
	at junit.framework.Assert.assertEquals(Assert.java:78)
	at junit.framework.Assert.assertEquals(Assert.java:234)
	at J_POC.J_POC.HS_TS010_PaymentsFromPartner_Check.HS_SJPayments_Partner_Record_Type_Check_TC033(HS_TS010_PaymentsFromPartner_Check.java:183)
... Removed 24 stack frames</pre></div><a href='#' onClick='toggleBox("stack-trace811587677", this, "Click to show all stack frames", "Click to hide stack frames")'>Click to show all stack frames</a>
<div class='stack-trace' id='stack-trace811587677'><pre>junit.framework.AssertionFailedError: Payments From Partner Record Type Check is Failed at Partner_Account_Number= ACCD101N9880765 expected:&lt;0&gt; but was:&lt;1&gt;
	at junit.framework.Assert.fail(Assert.java:57)
	at junit.framework.Assert.failNotEquals(Assert.java:329)
	at junit.framework.Assert.assertEquals(Assert.java:78)
	at junit.framework.Assert.assertEquals(Assert.java:234)
	at J_POC.J_POC.HS_TS010_PaymentsFromPartner_Check.HS_SJPayments_Partner_Record_Type_Check_TC033(HS_TS010_PaymentsFromPartner_Check.java:183)
	at sun.reflect.NativeMethodAccessorImpl.invoke0(Native Method)
	at sun.reflect.NativeMethodAccessorImpl.invoke(NativeMethodAccessorImpl.java:62)
	at sun.reflect.DelegatingMethodAccessorImpl.invoke(DelegatingMethodAccessorImpl.java:43)
	at java.lang.reflect.Method.invoke(Method.java:498)
	at org.testng.internal.MethodInvocationHelper.invokeMethod(MethodInvocationHelper.java:80)
	at org.testng.internal.Invoker.invokeMethod(Invoker.java:715)
	at org.testng.internal.Invoker.invokeTestMethod(Invoker.java:907)
	at org.testng.internal.Invoker.invokeTestMethods(Invoker.java:1237)
	at org.testng.internal.TestMethodWorker.invokeTestMethods(TestMethodWorker.java:127)
	at org.testng.internal.TestMethodWorker.run(TestMethodWorker.java:111)
	at org.testng.TestRunner.privateRun(TestRunner.java:767)
	at org.testng.TestRunner.run(TestRunner.java:617)
	at org.testng.SuiteRunner.runTest(SuiteRunner.java:334)
	at org.testng.SuiteRunner.runSequentially(SuiteRunner.java:329)
	at org.testng.SuiteRunner.privateRun(SuiteRunner.java:291)
	at org.testng.SuiteRunner.run(SuiteRunner.java:240)
	at org.testng.SuiteRunnerWorker.runSuite(SuiteRunnerWorker.java:51)
	at org.testng.SuiteRunnerWorker.run(SuiteRunnerWorker.java:85)
	at org.testng.TestNG.runSuitesSequentially(TestNG.java:1197)
	at org.testng.TestNG.runSuitesLocally(TestNG.java:1122)
	at org.testng.TestNG.run(TestNG.java:1030)
	at org.testng.remote.AbstractRemoteTestNG.run(AbstractRemoteTestNG.java:132)
	at org.testng.remote.RemoteTestNG.initAndRun(RemoteTestNG.java:230)
	at org.testng.remote.RemoteTestNG.main(RemoteTestNG.java:76)
</pre></div></td>
<td>0</td>
<td>J_POC.J_POC.HS_TS010_PaymentsFromPartner_Check@5e3a8624</td></tr>
<tr>
<td title='J_POC.J_POC.HS_TS010_PaymentsFromPartner_Check.HS_SJPayments_Transaction_Amount_Check_TC031()'><b>HS_SJPayments_Transaction_Amount_Check_TC031</b><br>Test class: J_POC.J_POC.HS_TS010_PaymentsFromPartner_Check</td>
<td><div><pre>junit.framework.AssertionFailedError: Payments From Partner Partner Transaction Amount Check is Failed at Partner_Account_Number= ACCD101N8776123 Amount value not zero, but we got count as  expected:&lt;0&gt; but was:&lt;1&gt;
	at junit.framework.Assert.fail(Assert.java:57)
	at junit.framework.Assert.failNotEquals(Assert.java:329)
	at junit.framework.Assert.assertEquals(Assert.java:78)
	at junit.framework.Assert.assertEquals(Assert.java:234)
	at J_POC.J_POC.HS_TS010_PaymentsFromPartner_Check.HS_SJPayments_Transaction_Amount_Check_TC031(HS_TS010_PaymentsFromPartner_Check.java:125)
... Removed 24 stack frames</pre></div><a href='#' onClick='toggleBox("stack-trace1384722895", this, "Click to show all stack frames", "Click to hide stack frames")'>Click to show all stack frames</a>
<div class='stack-trace' id='stack-trace1384722895'><pre>junit.framework.AssertionFailedError: Payments From Partner Partner Transaction Amount Check is Failed at Partner_Account_Number= ACCD101N8776123 Amount value not zero, but we got count as  expected:&lt;0&gt; but was:&lt;1&gt;
	at junit.framework.Assert.fail(Assert.java:57)
	at junit.framework.Assert.failNotEquals(Assert.java:329)
	at junit.framework.Assert.assertEquals(Assert.java:78)
	at junit.framework.Assert.assertEquals(Assert.java:234)
	at J_POC.J_POC.HS_TS010_PaymentsFromPartner_Check.HS_SJPayments_Transaction_Amount_Check_TC031(HS_TS010_PaymentsFromPartner_Check.java:125)
	at sun.reflect.NativeMethodAccessorImpl.invoke0(Native Method)
	at sun.reflect.NativeMethodAccessorImpl.invoke(NativeMethodAccessorImpl.java:62)
	at sun.reflect.DelegatingMethodAccessorImpl.invoke(DelegatingMethodAccessorImpl.java:43)
	at java.lang.reflect.Method.invoke(Method.java:498)
	at org.testng.internal.MethodInvocationHelper.invokeMethod(MethodInvocationHelper.java:80)
	at org.testng.internal.Invoker.invokeMethod(Invoker.java:715)
	at org.testng.internal.Invoker.invokeTestMethod(Invoker.java:907)
	at org.testng.internal.Invoker.invokeTestMethods(Invoker.java:1237)
	at org.testng.internal.TestMethodWorker.invokeTestMethods(TestMethodWorker.java:127)
	at org.testng.internal.TestMethodWorker.run(TestMethodWorker.java:111)
	at org.testng.TestRunner.privateRun(TestRunner.java:767)
	at org.testng.TestRunner.run(TestRunner.java:617)
	at org.testng.SuiteRunner.runTest(SuiteRunner.java:334)
	at org.testng.SuiteRunner.runSequentially(SuiteRunner.java:329)
	at org.testng.SuiteRunner.privateRun(SuiteRunner.java:291)
	at org.testng.SuiteRunner.run(SuiteRunner.java:240)
	at org.testng.SuiteRunnerWorker.runSuite(SuiteRunnerWorker.java:51)
	at org.testng.SuiteRunnerWorker.run(SuiteRunnerWorker.java:85)
	at org.testng.TestNG.runSuitesSequentially(TestNG.java:1197)
	at org.testng.TestNG.runSuitesLocally(TestNG.java:1122)
	at org.testng.TestNG.run(TestNG.java:1030)
	at org.testng.remote.AbstractRemoteTestNG.run(AbstractRemoteTestNG.java:132)
	at org.testng.remote.RemoteTestNG.initAndRun(RemoteTestNG.java:230)
	at org.testng.remote.RemoteTestNG.main(RemoteTestNG.java:76)
</pre></div></td>
<td>0</td>
<td>J_POC.J_POC.HS_TS010_PaymentsFromPartner_Check@5e3a8624</td></tr>
</table><p>
<table width='100%' border='1' class='invocation-passed'>
<tr><td colspan='4' align='center'><b>PASSED TESTS</b></td></tr>
<tr><td><b>Test method</b></td>
<td width="30%"><b>Exception</b></td>
<td width="10%"><b>Time (seconds)</b></td>
<td><b>Instance</b></td>
</tr>
<tr>
<td title='J_POC.J_POC.HS_TS008_AEPCustomer_Details_Check.HS_AEPCustomer_MailingAddressState_Check_TC022()'><b>HS_AEPCustomer_MailingAddressState_Check_TC022</b><br>Test class: J_POC.J_POC.HS_TS008_AEPCustomer_Details_Check<br/>
<a href="#Output-1138193439" onClick='toggleBox("Output-1138193439", this, "Show output", "Hide output");'>Show output</a>

<a href="#Output-1138193439" onClick="toggleAllBoxes();">Show all outputs</a>
<div class='log' id="Output-1138193439">
Mailing Address State Check is Failed<br><br/>
Mailing Address State Check is Failed<br><br/>
Mailing Address State Check is Failed<br><br/>
Mailing Address State Check is Failed<br><br/>
Mailing Address State Check is Failed<br><br/>
Mailing Address State Check is Failed<br><br/>
Mailing Address State Check is Failed<br><br/>
Mailing Address State Check is Failed<br><br/>
Mailing Address State Check is Failed<br><br/>
Mailing Address State Check is Failed<br><br/>
Mailing Address State Check is Failed<br><br/>
Mailing Address State Check is Failed<br><br/>
Mailing Address State Check is Failed<br><br/>
Mailing Address State Check is as Expected<br><br/>
Mailing Address State Check is Failed<br><br/>
Mailing Address State Check is Failed<br><br/>
Mailing Address State Check is Failed<br><br/>
Mailing Address State Check is Failed<br><br/>
Mailing Address State Check is Failed<br><br/>
Mailing Address State Check is Failed<br><br/>
Mailing Address State Check is Failed<br><br/>
Mailing Address State Check is Failed<br><br/>
Mailing Address State Check is Failed<br><br/>
Mailing Address State Check is Failed<br><br/>
Mailing Address State Check is Failed<br><br/>
Mailing Address State Check is Failed<br><br/>
Mailing Address State Check is Failed<br><br/>
Mailing Address State Check is Failed<br><br/>
Mailing Address State Check is Failed<br><br/>
Mailing Address State Check is Failed<br><br/>
Mailing Address State Check is Failed<br><br/>
Mailing Address State Check is Failed<br><br/>
Mailing Address State Check is Failed<br><br/>
Mailing Address State Check is Failed<br><br/>
Mailing Address State Check is Failed<br><br/>
Mailing Address State Check is Failed<br><br/>
Mailing Address State Check is Failed<br><br/>
Mailing Address State Check is Failed<br><br/>
Mailing Address State Check is Failed<br><br/>
Mailing Address State Check is Failed<br><br/>
Mailing Address State Check is Failed<br><br/>
Mailing Address State Check is Failed<br><br/>
Mailing Address State Check is Failed<br><br/>
Mailing Address State Check is Failed<br><br/>
Mailing Address State Check is Failed<br><br/>
Mailing Address State Check is Failed<br><br/>
Mailing Address State Check is Failed<br><br/>
Mailing Address State Check is Failed<br><br/>
Mailing Address State Check is Failed<br><br/>
Mailing Address State Check is Failed<br><br/>
Mailing Address State Check is Failed<br><br/>
Mailing Address State Check is Failed<br><br/>
Mailing Address State Check is Failed<br><br/>
Mailing Address State Check is Failed<br><br/>
Mailing Address State Check is Failed<br><br/>
Mailing Address State Check is Failed<br><br/>
Mailing Address State Check is Failed<br><br/>
Mailing Address State Check is Failed<br><br/>
Mailing Address State Check is Failed<br><br/>
Mailing Address State Check is Failed<br><br/>
Mailing Address State Check is Failed<br><br/>
Mailing Address State Check is Failed<br><br/>
Mailing Address State Check is Failed<br><br/>
Mailing Address State Check is Failed<br><br/>
Mailing Address State Check is Failed<br><br/>
Mailing Address State Check is Failed<br><br/>
Mailing Address State Check is Failed<br><br/>
Mailing Address State Check is Failed<br><br/>
Mailing Address State Check is Failed<br><br/>
Mailing Address State Check is Failed<br><br/>
Mailing Address State Check is as Expected<br><br/>
Mailing Address State Check is Failed<br><br/>
Mailing Address State Check is Failed<br><br/>
Mailing Address State Check is Failed<br><br/>
Mailing Address State Check is Failed<br><br/>
Mailing Address State Check is Failed<br><br/>
Mailing Address State Check is Failed<br><br/>
Mailing Address State Check is Failed<br><br/>
Mailing Address State Check is Failed<br><br/>
Mailing Address State Check is Failed<br><br/>
Mailing Address State Check is Failed<br><br/>
Mailing Address State Check is Failed<br><br/>
Mailing Address State Check is Failed<br><br/>
Mailing Address State Check is Failed<br><br/>
Mailing Address State Check is Failed<br><br/>
Mailing Address State Check is Failed<br><br/>
Mailing Address State Check is Failed<br><br/>
Mailing Address State Check is Failed<br><br/>
Mailing Address State Check is Failed<br><br/>
Mailing Address State Check is Failed<br><br/>
Mailing Address State Check is Failed<br><br/>
Mailing Address State Check is Failed<br><br/>
Mailing Address State Check is Failed<br><br/>
Mailing Address State Check is Failed<br><br/>
Mailing Address State Check is Failed<br><br/>
Mailing Address State Check is Failed<br><br/>
Mailing Address State Check is Failed<br><br/>
Mailing Address State Check is Failed<br><br/>
Mailing Address State Check is Failed<br><br/>
Mailing Address State Check is Failed<br><br/>
Mailing Address State Check is Failed<br><br/>
Mailing Address State Check is Failed<br><br/>
Mailing Address State Check is Failed<br><br/>
Mailing Address State Check is Failed<br><br/>
Mailing Address State Check is Failed<br><br/>
Mailing Address State Check is Failed<br><br/>
Mailing Address State Check is Failed<br><br/>
Mailing Address State Check is Failed<br><br/>
Mailing Address State Check is Failed<br><br/>
Mailing Address State Check is Failed<br><br/>
Mailing Address State Check is Failed<br><br/>
Mailing Address State Check is Failed<br><br/>
Mailing Address State Check is Failed<br><br/>
Mailing Address State Check is Failed<br><br/>
Mailing Address State Check is Failed<br><br/>
Mailing Address State Check is Failed<br><br/>
Mailing Address State Check is Failed<br><br/>
Mailing Address State Check is Failed<br><br/>
Mailing Address State Check is Failed<br><br/>
Mailing Address State Check is Failed<br><br/>
</div>
</td>
<td></td>
<td>0</td>
<td>J_POC.J_POC.HS_TS008_AEPCustomer_Details_Check@59f99ea</td></tr>
</table><p>
</body>
</html>