<!DOCTYPE html>

<html>
  <head>
  <title>TestNG new reports</title>

    <link type="text/css" href="testng-reports.css" rel="stylesheet" />  
    <script type="text/javascript" src="jquery-1.7.1.min.js"></script>
    <script type="text/javascript" src="testng-reports.js"></script>
    <script type="text/javascript" src="https://www.google.com/jsapi"></script>
    <script type='text/javascript'>
      google.load('visualization', '1', {packages:['table']});
      google.setOnLoadCallback(drawTable);
      var suiteTableInitFunctions = new Array();
      var suiteTableData = new Array();
    </script>
    <!--
      <script type="text/javascript" src="jquery-ui/js/jquery-ui-1.8.16.custom.min.js"></script>
     -->
  </head>

  <body>
    <div class="top-banner-root">
      <span class="top-banner-title-font">Test results</span>
      <br/>
      <span class="top-banner-font-1">1 suite, 14 failed tests</span>
    </div> <!-- top-banner-root -->
    <div class="navigator-root">
      <div class="navigator-suite-header">
        <span>All suites</span>
        <a href="#" class="collapse-all-link" title="Collapse/expand all the suites">
          <img class="collapse-all-icon" src="collapseall.gif">
          </img> <!-- collapse-all-icon -->
        </a> <!-- collapse-all-link -->
      </div> <!-- navigator-suite-header -->
      <div class="suite">
        <div class="rounded-window">
          <div class="suite-header light-rounded-window-top">
            <a href="#" class="navigator-link" panel-name="suite-Suite">
              <span class="suite-name border-failed">Suite</span>
            </a> <!-- navigator-link -->
          </div> <!-- suite-header light-rounded-window-top -->
          <div class="navigator-suite-content">
            <div class="suite-section-title">
              <span>Info</span>
            </div> <!-- suite-section-title -->
            <div class="suite-section-content">
              <ul>
                <li>
                  <a href="#" class="navigator-link " panel-name="test-xml-Suite">
                    <span>C:\Eclipseworkspace\J_POC\testng.xml</span>
                  </a> <!-- navigator-link  -->
                </li>
                <li>
                  <a href="#" class="navigator-link " panel-name="testlist-Suite">
                    <span class="test-stats">1 test</span>
                  </a> <!-- navigator-link  -->
                </li>
                <li>
                  <a href="#" class="navigator-link " panel-name="group-Suite">
                    <span>0 groups</span>
                  </a> <!-- navigator-link  -->
                </li>
                <li>
                  <a href="#" class="navigator-link " panel-name="times-Suite">
                    <span>Times</span>
                  </a> <!-- navigator-link  -->
                </li>
                <li>
                  <a href="#" class="navigator-link " panel-name="reporter-Suite">
                    <span>Reporter output</span>
                  </a> <!-- navigator-link  -->
                </li>
                <li>
                  <a href="#" class="navigator-link " panel-name="ignored-methods-Suite">
                    <span>Ignored methods</span>
                  </a> <!-- navigator-link  -->
                </li>
                <li>
                  <a href="#" class="navigator-link " panel-name="chronological-Suite">
                    <span>Chronological view</span>
                  </a> <!-- navigator-link  -->
                </li>
              </ul>
            </div> <!-- suite-section-content -->
            <div class="result-section">
              <div class="suite-section-title">
                <span>Results</span>
              </div> <!-- suite-section-title -->
              <div class="suite-section-content">
                <ul>
                  <li>
                    <span class="method-stats">15 methods, 14 failed,   1 passed</span>
                  </li>
                  <li>
                    <span class="method-list-title failed">Failed methods</span>
                    <span class="show-or-hide-methods failed">
                      <a href="#" panel-name="suite-Suite" class="hide-methods failed suite-Suite"> (hide)</a> <!-- hide-methods failed suite-Suite -->
                      <a href="#" panel-name="suite-Suite" class="show-methods failed suite-Suite"> (show)</a> <!-- show-methods failed suite-Suite -->
                    </span>
                    <div class="method-list-content failed suite-Suite">
                      <span>
                        <img width="3%" src="failed.png"/>
                        <a href="#" class="method navigator-link" panel-name="suite-Suite" title="J_POC.J_POC.HS_TS009_AEPAudit_Details_Check" hash-for-method="HS_AEPAudit_Date_Check_TC025">HS_AEPAudit_Date_Check_TC025</a> <!-- method navigator-link -->
                      </span>
                      <br/>
                      <span>
                        <img width="3%" src="failed.png"/>
                        <a href="#" class="method navigator-link" panel-name="suite-Suite" title="J_POC.J_POC.HS_TS009_AEPAudit_Details_Check" hash-for-method="HS_AEPAudit_ProductCodes_Null_Check_TC026">HS_AEPAudit_ProductCodes_Null_Check_TC026</a> <!-- method navigator-link -->
                      </span>
                      <br/>
                      <span>
                        <img width="3%" src="failed.png"/>
                        <a href="#" class="method navigator-link" panel-name="suite-Suite" title="J_POC.J_POC.HS_TS008_AEPCustomer_Details_Check" hash-for-method="HS_AEPCustomer_FirstName_Check_TC020">HS_AEPCustomer_FirstName_Check_TC020</a> <!-- method navigator-link -->
                      </span>
                      <br/>
                      <span>
                        <img width="3%" src="failed.png"/>
                        <a href="#" class="method navigator-link" panel-name="suite-Suite" title="J_POC.J_POC.HS_TS008_AEPCustomer_Details_Check" hash-for-method="HS_AEPCustomer_LastName_Check_TC021">HS_AEPCustomer_LastName_Check_TC021</a> <!-- method navigator-link -->
                      </span>
                      <br/>
                      <span>
                        <img width="3%" src="failed.png"/>
                        <a href="#" class="method navigator-link" panel-name="suite-Suite" title="J_POC.J_POC.HS_TS008_AEPCustomer_Details_Check" hash-for-method="HS_AEPCustomer_PremisesAddressZipPlus4_Check_TC023">HS_AEPCustomer_PremisesAddressZipPlus4_Check_TC023</a> <!-- method navigator-link -->
                      </span>
                      <br/>
                      <span>
                        <img width="3%" src="failed.png"/>
                        <a href="#" class="method navigator-link" panel-name="suite-Suite" title="J_POC.J_POC.HS_TS008_AEPCustomer_Details_Check" hash-for-method="HS_AEPCustomer_UniqueID_Check_TC024">HS_AEPCustomer_UniqueID_Check_TC024</a> <!-- method navigator-link -->
                      </span>
                      <br/>
                      <span>
                        <img width="3%" src="failed.png"/>
                        <a href="#" class="method navigator-link" panel-name="suite-Suite" title="J_POC.J_POC.HS_TS007_Premise_Name_Check" hash-for-method="HS_Premise_First_Name_Check_TC018">HS_Premise_First_Name_Check_TC018</a> <!-- method navigator-link -->
                      </span>
                      <br/>
                      <span>
                        <img width="3%" src="failed.png"/>
                        <a href="#" class="method navigator-link" panel-name="suite-Suite" title="J_POC.J_POC.HS_TS007_Premise_Name_Check" hash-for-method="HS_Premise_Last_Name_Check_TC019">HS_Premise_Last_Name_Check_TC019</a> <!-- method navigator-link -->
                      </span>
                      <br/>
                      <span>
                        <img width="3%" src="failed.png"/>
                        <a href="#" class="method navigator-link" panel-name="suite-Suite" title="J_POC.J_POC.HS_TS010_PaymentsFromPartner_Check" hash-for-method="HS_SJPayments_AccountNumber_Check_TC028">HS_SJPayments_AccountNumber_Check_TC028</a> <!-- method navigator-link -->
                      </span>
                      <br/>
                      <span>
                        <img width="3%" src="failed.png"/>
                        <a href="#" class="method navigator-link" panel-name="suite-Suite" title="J_POC.J_POC.HS_TS010_PaymentsFromPartner_Check" hash-for-method="HS_SJPayments_ChargeType_Check_TC029">HS_SJPayments_ChargeType_Check_TC029</a> <!-- method navigator-link -->
                      </span>
                      <br/>
                      <span>
                        <img width="3%" src="failed.png"/>
                        <a href="#" class="method navigator-link" panel-name="suite-Suite" title="J_POC.J_POC.HS_TS010_PaymentsFromPartner_Check" hash-for-method="HS_SJPayments_Invoice_Number_Check_TC030">HS_SJPayments_Invoice_Number_Check_TC030</a> <!-- method navigator-link -->
                      </span>
                      <br/>
                      <span>
                        <img width="3%" src="failed.png"/>
                        <a href="#" class="method navigator-link" panel-name="suite-Suite" title="J_POC.J_POC.HS_TS010_PaymentsFromPartner_Check" hash-for-method="HS_SJPayments_Partner_ChargeSign_Check_TC032">HS_SJPayments_Partner_ChargeSign_Check_TC032</a> <!-- method navigator-link -->
                      </span>
                      <br/>
                      <span>
                        <img width="3%" src="failed.png"/>
                        <a href="#" class="method navigator-link" panel-name="suite-Suite" title="J_POC.J_POC.HS_TS010_PaymentsFromPartner_Check" hash-for-method="HS_SJPayments_Partner_Record_Type_Check_TC033">HS_SJPayments_Partner_Record_Type_Check_TC033</a> <!-- method navigator-link -->
                      </span>
                      <br/>
                      <span>
                        <img width="3%" src="failed.png"/>
                        <a href="#" class="method navigator-link" panel-name="suite-Suite" title="J_POC.J_POC.HS_TS010_PaymentsFromPartner_Check" hash-for-method="HS_SJPayments_Transaction_Amount_Check_TC031">HS_SJPayments_Transaction_Amount_Check_TC031</a> <!-- method navigator-link -->
                      </span>
                      <br/>
                    </div> <!-- method-list-content failed suite-Suite -->
                  </li>
                  <li>
                    <span class="method-list-title passed">Passed methods</span>
                    <span class="show-or-hide-methods passed">
                      <a href="#" panel-name="suite-Suite" class="hide-methods passed suite-Suite"> (hide)</a> <!-- hide-methods passed suite-Suite -->
                      <a href="#" panel-name="suite-Suite" class="show-methods passed suite-Suite"> (show)</a> <!-- show-methods passed suite-Suite -->
                    </span>
                    <div class="method-list-content passed suite-Suite">
                      <span>
                        <img width="3%" src="passed.png"/>
                        <a href="#" class="method navigator-link" panel-name="suite-Suite" title="J_POC.J_POC.HS_TS008_AEPCustomer_Details_Check" hash-for-method="HS_AEPCustomer_MailingAddressState_Check_TC022">HS_AEPCustomer_MailingAddressState_Check_TC022</a> <!-- method navigator-link -->
                      </span>
                      <br/>
                    </div> <!-- method-list-content passed suite-Suite -->
                  </li>
                </ul>
              </div> <!-- suite-section-content -->
            </div> <!-- result-section -->
          </div> <!-- navigator-suite-content -->
        </div> <!-- rounded-window -->
      </div> <!-- suite -->
    </div> <!-- navigator-root -->
    <div class="wrapper">
      <div class="main-panel-root">
        <div panel-name="suite-Suite" class="panel Suite">
          <div class="suite-Suite-class-failed">
            <div class="main-panel-header rounded-window-top">
              <img src="failed.png"/>
              <span class="class-name">J_POC.J_POC.HS_TS008_AEPCustomer_Details_Check</span>
            </div> <!-- main-panel-header rounded-window-top -->
            <div class="main-panel-content rounded-window-bottom">
              <div class="method">
                <div class="method-content">
                  <a name="HS_AEPCustomer_FirstName_Check_TC020">
                  </a> <!-- HS_AEPCustomer_FirstName_Check_TC020 -->
                  <span class="method-name">HS_AEPCustomer_FirstName_Check_TC020</span>
                  <div class="stack-trace"><b>"java.lang.IndexOutOfBoundsException: Index: 8, Size: 8
	at java.util.ArrayList.rangeCheck(ArrayList.java:653)
	at java.util.ArrayList.get(ArrayList.java:429)
	at J_POC.J_POC.HS_TS008_AEPCustomer_Details_Check.HS_AEPCustomer_FirstName_Check_TC020(HS_TS008_AEPCustomer_Details_Check.java:48)
... Removed 24 stack frames<br/> java.lang.IndexOutOfBoundsException: Index: 8, Size: 8
	at java.util.ArrayList.rangeCheck(ArrayList.java:653)
	at java.util.ArrayList.get(ArrayList.java:429)
	at J_POC.J_POC.HS_TS008_AEPCustomer_Details_Check.HS_AEPCustomer_FirstName_Check_TC020(HS_TS008_AEPCustomer_Details_Check.java:48)
	at sun.reflect.NativeMethodAccessorImpl.invoke0(Native Method)
	at sun.reflect.NativeMethodAccessorImpl.invoke(NativeMethodAccessorImpl.java:62)
	at sun.reflect.DelegatingMethodAccessorImpl.invoke(DelegatingMethodAccessorImpl.java:43)
	at java.lang.reflect.Method.invoke(Method.java:498)
	at org.testng.internal.MethodInvocationHelper.invokeMethod(MethodInvocationHelper.java:80)
	at org.testng.internal.Invoker.invokeMethod(Invoker.java:715)
	at org.testng.internal.Invoker.invokeTestMethod(Invoker.java:907)
	at org.testng.internal.Invoker.invokeTestMethods(Invoker.java:1237)
	at org.testng.internal.TestMethodWorker.invokeTestMethods(TestMethodWorker.java:127)
	at org.testng.internal.TestMethodWorker.run(TestMethodWorker.java:111)
	at org.testng.TestRunner.privateRun(TestRunner.java:767)
	at org.testng.TestRunner.run(TestRunner.java:617)
	at org.testng.SuiteRunner.runTest(SuiteRunner.java:334)
	at org.testng.SuiteRunner.runSequentially(SuiteRunner.java:329)
	at org.testng.SuiteRunner.privateRun(SuiteRunner.java:291)
	at org.testng.SuiteRunner.run(SuiteRunner.java:240)
	at org.testng.SuiteRunnerWorker.runSuite(SuiteRunnerWorker.java:51)
	at org.testng.SuiteRunnerWorker.run(SuiteRunnerWorker.java:85)
	at org.testng.TestNG.runSuitesSequentially(TestNG.java:1197)
	at org.testng.TestNG.runSuitesLocally(TestNG.java:1122)
	at org.testng.TestNG.run(TestNG.java:1030)
	at org.testng.remote.AbstractRemoteTestNG.run(AbstractRemoteTestNG.java:132)
	at org.testng.remote.RemoteTestNG.initAndRun(RemoteTestNG.java:230)
	at org.testng.remote.RemoteTestNG.main(RemoteTestNG.java:76)
"</b><br>java.util.ArrayList.rangeCheck(ArrayList.java:653)<br>java.util.ArrayList.get(ArrayList.java:429)<br>J_POC.J_POC.HS_TS008_AEPCustomer_Details_Check.HS_AEPCustomer_FirstName_Check_TC020(HS_TS008_AEPCustomer_Details_Check.java:48)<br>sun.reflect.NativeMethodAccessorImpl.invoke0(Native Method)<br>sun.reflect.NativeMethodAccessorImpl.invoke(NativeMethodAccessorImpl.java:62)<br>sun.reflect.DelegatingMethodAccessorImpl.invoke(DelegatingMethodAccessorImpl.java:43)<br>java.lang.reflect.Method.invoke(Method.java:498)<br>org.testng.internal.MethodInvocationHelper.invokeMethod(MethodInvocationHelper.java:80)<br>org.testng.internal.Invoker.invokeMethod(Invoker.java:715)<br>org.testng.internal.Invoker.invokeTestMethod(Invoker.java:907)<br>org.testng.internal.Invoker.invokeTestMethods(Invoker.java:1237)<br>org.testng.internal.TestMethodWorker.invokeTestMethods(TestMethodWorker.java:127)<br>org.testng.internal.TestMethodWorker.run(TestMethodWorker.java:111)<br>org.testng.TestRunner.privateRun(TestRunner.java:767)<br>org.testng.TestRunner.run(TestRunner.java:617)<br>org.testng.SuiteRunner.runTest(SuiteRunner.java:334)<br>org.testng.SuiteRunner.runSequentially(SuiteRunner.java:329)<br>org.testng.SuiteRunner.privateRun(SuiteRunner.java:291)<br>org.testng.SuiteRunner.run(SuiteRunner.java:240)<br>org.testng.SuiteRunnerWorker.runSuite(SuiteRunnerWorker.java:51)<br>org.testng.SuiteRunnerWorker.run(SuiteRunnerWorker.java:85)<br>org.testng.TestNG.runSuitesSequentially(TestNG.java:1197)<br>org.testng.TestNG.runSuitesLocally(TestNG.java:1122)<br>org.testng.TestNG.run(TestNG.java:1030)<br>org.testng.remote.AbstractRemoteTestNG.run(AbstractRemoteTestNG.java:132)<br>org.testng.remote.RemoteTestNG.initAndRun(RemoteTestNG.java:230)<br>org.testng.remote.RemoteTestNG.main(RemoteTestNG.java:76)<br>
</div> <!-- stack-trace -->
                </div> <!-- method-content -->
              </div> <!-- method -->
              <div class="method">
                <div class="method-content">
                  <a name="HS_AEPCustomer_LastName_Check_TC021">
                  </a> <!-- HS_AEPCustomer_LastName_Check_TC021 -->
                  <span class="method-name">HS_AEPCustomer_LastName_Check_TC021</span>
                  <div class="stack-trace"><b>"junit.framework.ComparisonFailure: AEP Partner Last name Check is Failed expected:&lt;Lokesh&gt; but was:&lt;null&gt;
	at junit.framework.Assert.assertEquals(Assert.java:100)
	at J_POC.J_POC.HS_TS008_AEPCustomer_Details_Check.HS_AEPCustomer_LastName_Check_TC021(HS_TS008_AEPCustomer_Details_Check.java:101)
... Removed 24 stack frames<br/> junit.framework.ComparisonFailure: AEP Partner Last name Check is Failed expected:&lt;Lokesh&gt; but was:&lt;null&gt;
	at junit.framework.Assert.assertEquals(Assert.java:100)
	at J_POC.J_POC.HS_TS008_AEPCustomer_Details_Check.HS_AEPCustomer_LastName_Check_TC021(HS_TS008_AEPCustomer_Details_Check.java:101)
	at sun.reflect.NativeMethodAccessorImpl.invoke0(Native Method)
	at sun.reflect.NativeMethodAccessorImpl.invoke(NativeMethodAccessorImpl.java:62)
	at sun.reflect.DelegatingMethodAccessorImpl.invoke(DelegatingMethodAccessorImpl.java:43)
	at java.lang.reflect.Method.invoke(Method.java:498)
	at org.testng.internal.MethodInvocationHelper.invokeMethod(MethodInvocationHelper.java:80)
	at org.testng.internal.Invoker.invokeMethod(Invoker.java:715)
	at org.testng.internal.Invoker.invokeTestMethod(Invoker.java:907)
	at org.testng.internal.Invoker.invokeTestMethods(Invoker.java:1237)
	at org.testng.internal.TestMethodWorker.invokeTestMethods(TestMethodWorker.java:127)
	at org.testng.internal.TestMethodWorker.run(TestMethodWorker.java:111)
	at org.testng.TestRunner.privateRun(TestRunner.java:767)
	at org.testng.TestRunner.run(TestRunner.java:617)
	at org.testng.SuiteRunner.runTest(SuiteRunner.java:334)
	at org.testng.SuiteRunner.runSequentially(SuiteRunner.java:329)
	at org.testng.SuiteRunner.privateRun(SuiteRunner.java:291)
	at org.testng.SuiteRunner.run(SuiteRunner.java:240)
	at org.testng.SuiteRunnerWorker.runSuite(SuiteRunnerWorker.java:51)
	at org.testng.SuiteRunnerWorker.run(SuiteRunnerWorker.java:85)
	at org.testng.TestNG.runSuitesSequentially(TestNG.java:1197)
	at org.testng.TestNG.runSuitesLocally(TestNG.java:1122)
	at org.testng.TestNG.run(TestNG.java:1030)
	at org.testng.remote.AbstractRemoteTestNG.run(AbstractRemoteTestNG.java:132)
	at org.testng.remote.RemoteTestNG.initAndRun(RemoteTestNG.java:230)
	at org.testng.remote.RemoteTestNG.main(RemoteTestNG.java:76)
"</b><br>junit.framework.Assert.assertEquals(Assert.java:100)<br>J_POC.J_POC.HS_TS008_AEPCustomer_Details_Check.HS_AEPCustomer_LastName_Check_TC021(HS_TS008_AEPCustomer_Details_Check.java:101)<br>sun.reflect.NativeMethodAccessorImpl.invoke0(Native Method)<br>sun.reflect.NativeMethodAccessorImpl.invoke(NativeMethodAccessorImpl.java:62)<br>sun.reflect.DelegatingMethodAccessorImpl.invoke(DelegatingMethodAccessorImpl.java:43)<br>java.lang.reflect.Method.invoke(Method.java:498)<br>org.testng.internal.MethodInvocationHelper.invokeMethod(MethodInvocationHelper.java:80)<br>org.testng.internal.Invoker.invokeMethod(Invoker.java:715)<br>org.testng.internal.Invoker.invokeTestMethod(Invoker.java:907)<br>org.testng.internal.Invoker.invokeTestMethods(Invoker.java:1237)<br>org.testng.internal.TestMethodWorker.invokeTestMethods(TestMethodWorker.java:127)<br>org.testng.internal.TestMethodWorker.run(TestMethodWorker.java:111)<br>org.testng.TestRunner.privateRun(TestRunner.java:767)<br>org.testng.TestRunner.run(TestRunner.java:617)<br>org.testng.SuiteRunner.runTest(SuiteRunner.java:334)<br>org.testng.SuiteRunner.runSequentially(SuiteRunner.java:329)<br>org.testng.SuiteRunner.privateRun(SuiteRunner.java:291)<br>org.testng.SuiteRunner.run(SuiteRunner.java:240)<br>org.testng.SuiteRunnerWorker.runSuite(SuiteRunnerWorker.java:51)<br>org.testng.SuiteRunnerWorker.run(SuiteRunnerWorker.java:85)<br>org.testng.TestNG.runSuitesSequentially(TestNG.java:1197)<br>org.testng.TestNG.runSuitesLocally(TestNG.java:1122)<br>org.testng.TestNG.run(TestNG.java:1030)<br>org.testng.remote.AbstractRemoteTestNG.run(AbstractRemoteTestNG.java:132)<br>org.testng.remote.RemoteTestNG.initAndRun(RemoteTestNG.java:230)<br>org.testng.remote.RemoteTestNG.main(RemoteTestNG.java:76)<br>
</div> <!-- stack-trace -->
                </div> <!-- method-content -->
              </div> <!-- method -->
              <div class="method">
                <div class="method-content">
                  <a name="HS_AEPCustomer_PremisesAddressZipPlus4_Check_TC023">
                  </a> <!-- HS_AEPCustomer_PremisesAddressZipPlus4_Check_TC023 -->
                  <span class="method-name">HS_AEPCustomer_PremisesAddressZipPlus4_Check_TC023</span>
                  <div class="stack-trace"><b>"junit.framework.AssertionFailedError: AEP Partner Premises Address Zip Plus4 Pattern Check is Failed expected:&lt;false&gt; but was:&lt;true&gt;
	at junit.framework.Assert.fail(Assert.java:57)
	at junit.framework.Assert.failNotEquals(Assert.java:329)
	at junit.framework.Assert.assertEquals(Assert.java:78)
	at junit.framework.Assert.assertEquals(Assert.java:174)
	at J_POC.J_POC.HS_TS008_AEPCustomer_Details_Check.HS_AEPCustomer_PremisesAddressZipPlus4_Check_TC023(HS_TS008_AEPCustomer_Details_Check.java:246)
... Removed 24 stack frames<br/> junit.framework.AssertionFailedError: AEP Partner Premises Address Zip Plus4 Pattern Check is Failed expected:&lt;false&gt; but was:&lt;true&gt;
	at junit.framework.Assert.fail(Assert.java:57)
	at junit.framework.Assert.failNotEquals(Assert.java:329)
	at junit.framework.Assert.assertEquals(Assert.java:78)
	at junit.framework.Assert.assertEquals(Assert.java:174)
	at J_POC.J_POC.HS_TS008_AEPCustomer_Details_Check.HS_AEPCustomer_PremisesAddressZipPlus4_Check_TC023(HS_TS008_AEPCustomer_Details_Check.java:246)
	at sun.reflect.NativeMethodAccessorImpl.invoke0(Native Method)
	at sun.reflect.NativeMethodAccessorImpl.invoke(NativeMethodAccessorImpl.java:62)
	at sun.reflect.DelegatingMethodAccessorImpl.invoke(DelegatingMethodAccessorImpl.java:43)
	at java.lang.reflect.Method.invoke(Method.java:498)
	at org.testng.internal.MethodInvocationHelper.invokeMethod(MethodInvocationHelper.java:80)
	at org.testng.internal.Invoker.invokeMethod(Invoker.java:715)
	at org.testng.internal.Invoker.invokeTestMethod(Invoker.java:907)
	at org.testng.internal.Invoker.invokeTestMethods(Invoker.java:1237)
	at org.testng.internal.TestMethodWorker.invokeTestMethods(TestMethodWorker.java:127)
	at org.testng.internal.TestMethodWorker.run(TestMethodWorker.java:111)
	at org.testng.TestRunner.privateRun(TestRunner.java:767)
	at org.testng.TestRunner.run(TestRunner.java:617)
	at org.testng.SuiteRunner.runTest(SuiteRunner.java:334)
	at org.testng.SuiteRunner.runSequentially(SuiteRunner.java:329)
	at org.testng.SuiteRunner.privateRun(SuiteRunner.java:291)
	at org.testng.SuiteRunner.run(SuiteRunner.java:240)
	at org.testng.SuiteRunnerWorker.runSuite(SuiteRunnerWorker.java:51)
	at org.testng.SuiteRunnerWorker.run(SuiteRunnerWorker.java:85)
	at org.testng.TestNG.runSuitesSequentially(TestNG.java:1197)
	at org.testng.TestNG.runSuitesLocally(TestNG.java:1122)
	at org.testng.TestNG.run(TestNG.java:1030)
	at org.testng.remote.AbstractRemoteTestNG.run(AbstractRemoteTestNG.java:132)
	at org.testng.remote.RemoteTestNG.initAndRun(RemoteTestNG.java:230)
	at org.testng.remote.RemoteTestNG.main(RemoteTestNG.java:76)
"</b><br>junit.framework.Assert.fail(Assert.java:57)<br>junit.framework.Assert.failNotEquals(Assert.java:329)<br>junit.framework.Assert.assertEquals(Assert.java:78)<br>junit.framework.Assert.assertEquals(Assert.java:174)<br>J_POC.J_POC.HS_TS008_AEPCustomer_Details_Check.HS_AEPCustomer_PremisesAddressZipPlus4_Check_TC023(HS_TS008_AEPCustomer_Details_Check.java:246)<br>sun.reflect.NativeMethodAccessorImpl.invoke0(Native Method)<br>sun.reflect.NativeMethodAccessorImpl.invoke(NativeMethodAccessorImpl.java:62)<br>sun.reflect.DelegatingMethodAccessorImpl.invoke(DelegatingMethodAccessorImpl.java:43)<br>java.lang.reflect.Method.invoke(Method.java:498)<br>org.testng.internal.MethodInvocationHelper.invokeMethod(MethodInvocationHelper.java:80)<br>org.testng.internal.Invoker.invokeMethod(Invoker.java:715)<br>org.testng.internal.Invoker.invokeTestMethod(Invoker.java:907)<br>org.testng.internal.Invoker.invokeTestMethods(Invoker.java:1237)<br>org.testng.internal.TestMethodWorker.invokeTestMethods(TestMethodWorker.java:127)<br>org.testng.internal.TestMethodWorker.run(TestMethodWorker.java:111)<br>org.testng.TestRunner.privateRun(TestRunner.java:767)<br>org.testng.TestRunner.run(TestRunner.java:617)<br>org.testng.SuiteRunner.runTest(SuiteRunner.java:334)<br>org.testng.SuiteRunner.runSequentially(SuiteRunner.java:329)<br>org.testng.SuiteRunner.privateRun(SuiteRunner.java:291)<br>org.testng.SuiteRunner.run(SuiteRunner.java:240)<br>org.testng.SuiteRunnerWorker.runSuite(SuiteRunnerWorker.java:51)<br>org.testng.SuiteRunnerWorker.run(SuiteRunnerWorker.java:85)<br>org.testng.TestNG.runSuitesSequentially(TestNG.java:1197)<br>org.testng.TestNG.runSuitesLocally(TestNG.java:1122)<br>org.testng.TestNG.run(TestNG.java:1030)<br>org.testng.remote.AbstractRemoteTestNG.run(AbstractRemoteTestNG.java:132)<br>org.testng.remote.RemoteTestNG.initAndRun(RemoteTestNG.java:230)<br>org.testng.remote.RemoteTestNG.main(RemoteTestNG.java:76)<br>
</div> <!-- stack-trace -->
                </div> <!-- method-content -->
              </div> <!-- method -->
              <div class="method">
                <div class="method-content">
                  <a name="HS_AEPCustomer_UniqueID_Check_TC024">
                  </a> <!-- HS_AEPCustomer_UniqueID_Check_TC024 -->
                  <span class="method-name">HS_AEPCustomer_UniqueID_Check_TC024</span>
                  <div class="stack-trace"><b>"junit.framework.ComparisonFailure: AEP Partner User ID Check is Failed expected:&lt;lok@[]]124673229&gt; but was:&lt;lok@[]124673229&gt;
	at junit.framework.Assert.assertEquals(Assert.java:100)
	at J_POC.J_POC.HS_TS008_AEPCustomer_Details_Check.HS_AEPCustomer_UniqueID_Check_TC024(HS_TS008_AEPCustomer_Details_Check.java:285)
... Removed 24 stack frames<br/> junit.framework.ComparisonFailure: AEP Partner User ID Check is Failed expected:&lt;lok@[]]124673229&gt; but was:&lt;lok@[]124673229&gt;
	at junit.framework.Assert.assertEquals(Assert.java:100)
	at J_POC.J_POC.HS_TS008_AEPCustomer_Details_Check.HS_AEPCustomer_UniqueID_Check_TC024(HS_TS008_AEPCustomer_Details_Check.java:285)
	at sun.reflect.NativeMethodAccessorImpl.invoke0(Native Method)
	at sun.reflect.NativeMethodAccessorImpl.invoke(NativeMethodAccessorImpl.java:62)
	at sun.reflect.DelegatingMethodAccessorImpl.invoke(DelegatingMethodAccessorImpl.java:43)
	at java.lang.reflect.Method.invoke(Method.java:498)
	at org.testng.internal.MethodInvocationHelper.invokeMethod(MethodInvocationHelper.java:80)
	at org.testng.internal.Invoker.invokeMethod(Invoker.java:715)
	at org.testng.internal.Invoker.invokeTestMethod(Invoker.java:907)
	at org.testng.internal.Invoker.invokeTestMethods(Invoker.java:1237)
	at org.testng.internal.TestMethodWorker.invokeTestMethods(TestMethodWorker.java:127)
	at org.testng.internal.TestMethodWorker.run(TestMethodWorker.java:111)
	at org.testng.TestRunner.privateRun(TestRunner.java:767)
	at org.testng.TestRunner.run(TestRunner.java:617)
	at org.testng.SuiteRunner.runTest(SuiteRunner.java:334)
	at org.testng.SuiteRunner.runSequentially(SuiteRunner.java:329)
	at org.testng.SuiteRunner.privateRun(SuiteRunner.java:291)
	at org.testng.SuiteRunner.run(SuiteRunner.java:240)
	at org.testng.SuiteRunnerWorker.runSuite(SuiteRunnerWorker.java:51)
	at org.testng.SuiteRunnerWorker.run(SuiteRunnerWorker.java:85)
	at org.testng.TestNG.runSuitesSequentially(TestNG.java:1197)
	at org.testng.TestNG.runSuitesLocally(TestNG.java:1122)
	at org.testng.TestNG.run(TestNG.java:1030)
	at org.testng.remote.AbstractRemoteTestNG.run(AbstractRemoteTestNG.java:132)
	at org.testng.remote.RemoteTestNG.initAndRun(RemoteTestNG.java:230)
	at org.testng.remote.RemoteTestNG.main(RemoteTestNG.java:76)
"</b><br>junit.framework.Assert.assertEquals(Assert.java:100)<br>J_POC.J_POC.HS_TS008_AEPCustomer_Details_Check.HS_AEPCustomer_UniqueID_Check_TC024(HS_TS008_AEPCustomer_Details_Check.java:285)<br>sun.reflect.NativeMethodAccessorImpl.invoke0(Native Method)<br>sun.reflect.NativeMethodAccessorImpl.invoke(NativeMethodAccessorImpl.java:62)<br>sun.reflect.DelegatingMethodAccessorImpl.invoke(DelegatingMethodAccessorImpl.java:43)<br>java.lang.reflect.Method.invoke(Method.java:498)<br>org.testng.internal.MethodInvocationHelper.invokeMethod(MethodInvocationHelper.java:80)<br>org.testng.internal.Invoker.invokeMethod(Invoker.java:715)<br>org.testng.internal.Invoker.invokeTestMethod(Invoker.java:907)<br>org.testng.internal.Invoker.invokeTestMethods(Invoker.java:1237)<br>org.testng.internal.TestMethodWorker.invokeTestMethods(TestMethodWorker.java:127)<br>org.testng.internal.TestMethodWorker.run(TestMethodWorker.java:111)<br>org.testng.TestRunner.privateRun(TestRunner.java:767)<br>org.testng.TestRunner.run(TestRunner.java:617)<br>org.testng.SuiteRunner.runTest(SuiteRunner.java:334)<br>org.testng.SuiteRunner.runSequentially(SuiteRunner.java:329)<br>org.testng.SuiteRunner.privateRun(SuiteRunner.java:291)<br>org.testng.SuiteRunner.run(SuiteRunner.java:240)<br>org.testng.SuiteRunnerWorker.runSuite(SuiteRunnerWorker.java:51)<br>org.testng.SuiteRunnerWorker.run(SuiteRunnerWorker.java:85)<br>org.testng.TestNG.runSuitesSequentially(TestNG.java:1197)<br>org.testng.TestNG.runSuitesLocally(TestNG.java:1122)<br>org.testng.TestNG.run(TestNG.java:1030)<br>org.testng.remote.AbstractRemoteTestNG.run(AbstractRemoteTestNG.java:132)<br>org.testng.remote.RemoteTestNG.initAndRun(RemoteTestNG.java:230)<br>org.testng.remote.RemoteTestNG.main(RemoteTestNG.java:76)<br>
</div> <!-- stack-trace -->
                </div> <!-- method-content -->
              </div> <!-- method -->
            </div> <!-- main-panel-content rounded-window-bottom -->
          </div> <!-- suite-Suite-class-failed -->
          <div class="suite-Suite-class-failed">
            <div class="main-panel-header rounded-window-top">
              <img src="failed.png"/>
              <span class="class-name">J_POC.J_POC.HS_TS009_AEPAudit_Details_Check</span>
            </div> <!-- main-panel-header rounded-window-top -->
            <div class="main-panel-content rounded-window-bottom">
              <div class="method">
                <div class="method-content">
                  <a name="HS_AEPAudit_Date_Check_TC025">
                  </a> <!-- HS_AEPAudit_Date_Check_TC025 -->
                  <span class="method-name">HS_AEPAudit_Date_Check_TC025</span>
                  <div class="stack-trace"><b>"junit.framework.AssertionFailedError: AEPAudit Date Check is Failed at UniqueID= D3527056787843525678 Reason as  expected:&lt;0&gt; but was:&lt;1&gt;
	at junit.framework.Assert.fail(Assert.java:57)
	at junit.framework.Assert.failNotEquals(Assert.java:329)
	at junit.framework.Assert.assertEquals(Assert.java:78)
	at junit.framework.Assert.assertEquals(Assert.java:234)
	at J_POC.J_POC.HS_TS009_AEPAudit_Details_Check.HS_AEPAudit_Date_Check_TC025(HS_TS009_AEPAudit_Details_Check.java:45)
... Removed 24 stack frames<br/> junit.framework.AssertionFailedError: AEPAudit Date Check is Failed at UniqueID= D3527056787843525678 Reason as  expected:&lt;0&gt; but was:&lt;1&gt;
	at junit.framework.Assert.fail(Assert.java:57)
	at junit.framework.Assert.failNotEquals(Assert.java:329)
	at junit.framework.Assert.assertEquals(Assert.java:78)
	at junit.framework.Assert.assertEquals(Assert.java:234)
	at J_POC.J_POC.HS_TS009_AEPAudit_Details_Check.HS_AEPAudit_Date_Check_TC025(HS_TS009_AEPAudit_Details_Check.java:45)
	at sun.reflect.NativeMethodAccessorImpl.invoke0(Native Method)
	at sun.reflect.NativeMethodAccessorImpl.invoke(NativeMethodAccessorImpl.java:62)
	at sun.reflect.DelegatingMethodAccessorImpl.invoke(DelegatingMethodAccessorImpl.java:43)
	at java.lang.reflect.Method.invoke(Method.java:498)
	at org.testng.internal.MethodInvocationHelper.invokeMethod(MethodInvocationHelper.java:80)
	at org.testng.internal.Invoker.invokeMethod(Invoker.java:715)
	at org.testng.internal.Invoker.invokeTestMethod(Invoker.java:907)
	at org.testng.internal.Invoker.invokeTestMethods(Invoker.java:1237)
	at org.testng.internal.TestMethodWorker.invokeTestMethods(TestMethodWorker.java:127)
	at org.testng.internal.TestMethodWorker.run(TestMethodWorker.java:111)
	at org.testng.TestRunner.privateRun(TestRunner.java:767)
	at org.testng.TestRunner.run(TestRunner.java:617)
	at org.testng.SuiteRunner.runTest(SuiteRunner.java:334)
	at org.testng.SuiteRunner.runSequentially(SuiteRunner.java:329)
	at org.testng.SuiteRunner.privateRun(SuiteRunner.java:291)
	at org.testng.SuiteRunner.run(SuiteRunner.java:240)
	at org.testng.SuiteRunnerWorker.runSuite(SuiteRunnerWorker.java:51)
	at org.testng.SuiteRunnerWorker.run(SuiteRunnerWorker.java:85)
	at org.testng.TestNG.runSuitesSequentially(TestNG.java:1197)
	at org.testng.TestNG.runSuitesLocally(TestNG.java:1122)
	at org.testng.TestNG.run(TestNG.java:1030)
	at org.testng.remote.AbstractRemoteTestNG.run(AbstractRemoteTestNG.java:132)
	at org.testng.remote.RemoteTestNG.initAndRun(RemoteTestNG.java:230)
	at org.testng.remote.RemoteTestNG.main(RemoteTestNG.java:76)
"</b><br>junit.framework.Assert.fail(Assert.java:57)<br>junit.framework.Assert.failNotEquals(Assert.java:329)<br>junit.framework.Assert.assertEquals(Assert.java:78)<br>junit.framework.Assert.assertEquals(Assert.java:234)<br>J_POC.J_POC.HS_TS009_AEPAudit_Details_Check.HS_AEPAudit_Date_Check_TC025(HS_TS009_AEPAudit_Details_Check.java:45)<br>sun.reflect.NativeMethodAccessorImpl.invoke0(Native Method)<br>sun.reflect.NativeMethodAccessorImpl.invoke(NativeMethodAccessorImpl.java:62)<br>sun.reflect.DelegatingMethodAccessorImpl.invoke(DelegatingMethodAccessorImpl.java:43)<br>java.lang.reflect.Method.invoke(Method.java:498)<br>org.testng.internal.MethodInvocationHelper.invokeMethod(MethodInvocationHelper.java:80)<br>org.testng.internal.Invoker.invokeMethod(Invoker.java:715)<br>org.testng.internal.Invoker.invokeTestMethod(Invoker.java:907)<br>org.testng.internal.Invoker.invokeTestMethods(Invoker.java:1237)<br>org.testng.internal.TestMethodWorker.invokeTestMethods(TestMethodWorker.java:127)<br>org.testng.internal.TestMethodWorker.run(TestMethodWorker.java:111)<br>org.testng.TestRunner.privateRun(TestRunner.java:767)<br>org.testng.TestRunner.run(TestRunner.java:617)<br>org.testng.SuiteRunner.runTest(SuiteRunner.java:334)<br>org.testng.SuiteRunner.runSequentially(SuiteRunner.java:329)<br>org.testng.SuiteRunner.privateRun(SuiteRunner.java:291)<br>org.testng.SuiteRunner.run(SuiteRunner.java:240)<br>org.testng.SuiteRunnerWorker.runSuite(SuiteRunnerWorker.java:51)<br>org.testng.SuiteRunnerWorker.run(SuiteRunnerWorker.java:85)<br>org.testng.TestNG.runSuitesSequentially(TestNG.java:1197)<br>org.testng.TestNG.runSuitesLocally(TestNG.java:1122)<br>org.testng.TestNG.run(TestNG.java:1030)<br>org.testng.remote.AbstractRemoteTestNG.run(AbstractRemoteTestNG.java:132)<br>org.testng.remote.RemoteTestNG.initAndRun(RemoteTestNG.java:230)<br>org.testng.remote.RemoteTestNG.main(RemoteTestNG.java:76)<br>
</div> <!-- stack-trace -->
                </div> <!-- method-content -->
              </div> <!-- method -->
              <div class="method">
                <div class="method-content">
                  <a name="HS_AEPAudit_ProductCodes_Null_Check_TC026">
                  </a> <!-- HS_AEPAudit_ProductCodes_Null_Check_TC026 -->
                  <span class="method-name">HS_AEPAudit_ProductCodes_Null_Check_TC026</span>
                  <div class="stack-trace"><b>"com.mysql.jdbc.CommunicationsException: Communications link failure due to underlying exception: 

** BEGIN NESTED EXCEPTION ** 

java.net.ConnectException
MESSAGE: Connection refused: connect

STACKTRACE:

java.net.ConnectException: Connection refused: connect
	at java.net.DualStackPlainSocketImpl.connect0(Native Method)
	at java.net.DualStackPlainSocketImpl.socketConnect(DualStackPlainSocketImpl.java:79)
	at java.net.AbstractPlainSocketImpl.doConnect(AbstractPlainSocketImpl.java:350)
	at java.net.AbstractPlainSocketImpl.connectToAddress(AbstractPlainSocketImpl.java:206)
	at java.net.AbstractPlainSocketImpl.connect(AbstractPlainSocketImpl.java:188)
	at java.net.PlainSocketImpl.connect(PlainSocketImpl.java:172)
	at java.net.SocksSocketImpl.connect(SocksSocketImpl.java:392)
	at java.net.Socket.connect(Socket.java:589)
	at java.net.Socket.connect(Socket.java:538)
	at java.net.Socket.&lt;init&gt;(Socket.java:434)
	at java.net.Socket.&lt;init&gt;(Socket.java:244)
	at com.mysql.jdbc.StandardSocketFactory.connect(StandardSocketFactory.java:256)
	at com.mysql.jdbc.MysqlIO.&lt;init&gt;(MysqlIO.java:271)
	at com.mysql.jdbc.Connection.createNewIO(Connection.java:2771)
	at com.mysql.jdbc.Connection.&lt;init&gt;(Connection.java:1555)
	at com.mysql.jdbc.NonRegisteringDriver.connect(NonRegisteringDriver.java:285)
	at java.sql.DriverManager.getConnection(DriverManager.java:664)
	at java.sql.DriverManager.getConnection(DriverManager.java:247)
	at J_POC.J_POC.HS_TS009_AEPAudit_Details_Check.HS_AEPAudit_ProductCodes_Null_Check_TC026(HS_TS009_AEPAudit_Details_Check.java:60)


** END NESTED EXCEPTION **



Last packet sent to the server was 1 ms ago.
	at com.mysql.jdbc.Connection.createNewIO(Connection.java:2847)
	at com.mysql.jdbc.Connection.&lt;init&gt;(Connection.java:1555)
	at com.mysql.jdbc.NonRegisteringDriver.connect(NonRegisteringDriver.java:285)
	at java.sql.DriverManager.getConnection(DriverManager.java:664)
	at java.sql.DriverManager.getConnection(DriverManager.java:247)
	at J_POC.J_POC.HS_TS009_AEPAudit_Details_Check.HS_AEPAudit_ProductCodes_Null_Check_TC026(HS_TS009_AEPAudit_Details_Check.java:60)
... Removed 48 stack frames<br/> com.mysql.jdbc.CommunicationsException: Communications link failure due to underlying exception: 

** BEGIN NESTED EXCEPTION ** 

java.net.ConnectException
MESSAGE: Connection refused: connect

STACKTRACE:

java.net.ConnectException: Connection refused: connect
	at java.net.DualStackPlainSocketImpl.connect0(Native Method)
	at java.net.DualStackPlainSocketImpl.socketConnect(DualStackPlainSocketImpl.java:79)
	at java.net.AbstractPlainSocketImpl.doConnect(AbstractPlainSocketImpl.java:350)
	at java.net.AbstractPlainSocketImpl.connectToAddress(AbstractPlainSocketImpl.java:206)
	at java.net.AbstractPlainSocketImpl.connect(AbstractPlainSocketImpl.java:188)
	at java.net.PlainSocketImpl.connect(PlainSocketImpl.java:172)
	at java.net.SocksSocketImpl.connect(SocksSocketImpl.java:392)
	at java.net.Socket.connect(Socket.java:589)
	at java.net.Socket.connect(Socket.java:538)
	at java.net.Socket.&lt;init&gt;(Socket.java:434)
	at java.net.Socket.&lt;init&gt;(Socket.java:244)
	at com.mysql.jdbc.StandardSocketFactory.connect(StandardSocketFactory.java:256)
	at com.mysql.jdbc.MysqlIO.&lt;init&gt;(MysqlIO.java:271)
	at com.mysql.jdbc.Connection.createNewIO(Connection.java:2771)
	at com.mysql.jdbc.Connection.&lt;init&gt;(Connection.java:1555)
	at com.mysql.jdbc.NonRegisteringDriver.connect(NonRegisteringDriver.java:285)
	at java.sql.DriverManager.getConnection(DriverManager.java:664)
	at java.sql.DriverManager.getConnection(DriverManager.java:247)
	at J_POC.J_POC.HS_TS009_AEPAudit_Details_Check.HS_AEPAudit_ProductCodes_Null_Check_TC026(HS_TS009_AEPAudit_Details_Check.java:60)
	at sun.reflect.NativeMethodAccessorImpl.invoke0(Native Method)
	at sun.reflect.NativeMethodAccessorImpl.invoke(NativeMethodAccessorImpl.java:62)
	at sun.reflect.DelegatingMethodAccessorImpl.invoke(DelegatingMethodAccessorImpl.java:43)
	at java.lang.reflect.Method.invoke(Method.java:498)
	at org.testng.internal.MethodInvocationHelper.invokeMethod(MethodInvocationHelper.java:80)
	at org.testng.internal.Invoker.invokeMethod(Invoker.java:715)
	at org.testng.internal.Invoker.invokeTestMethod(Invoker.java:907)
	at org.testng.internal.Invoker.invokeTestMethods(Invoker.java:1237)
	at org.testng.internal.TestMethodWorker.invokeTestMethods(TestMethodWorker.java:127)
	at org.testng.internal.TestMethodWorker.run(TestMethodWorker.java:111)
	at org.testng.TestRunner.privateRun(TestRunner.java:767)
	at org.testng.TestRunner.run(TestRunner.java:617)
	at org.testng.SuiteRunner.runTest(SuiteRunner.java:334)
	at org.testng.SuiteRunner.runSequentially(SuiteRunner.java:329)
	at org.testng.SuiteRunner.privateRun(SuiteRunner.java:291)
	at org.testng.SuiteRunner.run(SuiteRunner.java:240)
	at org.testng.SuiteRunnerWorker.runSuite(SuiteRunnerWorker.java:51)
	at org.testng.SuiteRunnerWorker.run(SuiteRunnerWorker.java:85)
	at org.testng.TestNG.runSuitesSequentially(TestNG.java:1197)
	at org.testng.TestNG.runSuitesLocally(TestNG.java:1122)
	at org.testng.TestNG.run(TestNG.java:1030)
	at org.testng.remote.AbstractRemoteTestNG.run(AbstractRemoteTestNG.java:132)
	at org.testng.remote.RemoteTestNG.initAndRun(RemoteTestNG.java:230)
	at org.testng.remote.RemoteTestNG.main(RemoteTestNG.java:76)


** END NESTED EXCEPTION **



Last packet sent to the server was 1 ms ago.
	at com.mysql.jdbc.Connection.createNewIO(Connection.java:2847)
	at com.mysql.jdbc.Connection.&lt;init&gt;(Connection.java:1555)
	at com.mysql.jdbc.NonRegisteringDriver.connect(NonRegisteringDriver.java:285)
	at java.sql.DriverManager.getConnection(DriverManager.java:664)
	at java.sql.DriverManager.getConnection(DriverManager.java:247)
	at J_POC.J_POC.HS_TS009_AEPAudit_Details_Check.HS_AEPAudit_ProductCodes_Null_Check_TC026(HS_TS009_AEPAudit_Details_Check.java:60)
	at sun.reflect.NativeMethodAccessorImpl.invoke0(Native Method)
	at sun.reflect.NativeMethodAccessorImpl.invoke(NativeMethodAccessorImpl.java:62)
	at sun.reflect.DelegatingMethodAccessorImpl.invoke(DelegatingMethodAccessorImpl.java:43)
	at java.lang.reflect.Method.invoke(Method.java:498)
	at org.testng.internal.MethodInvocationHelper.invokeMethod(MethodInvocationHelper.java:80)
	at org.testng.internal.Invoker.invokeMethod(Invoker.java:715)
	at org.testng.internal.Invoker.invokeTestMethod(Invoker.java:907)
	at org.testng.internal.Invoker.invokeTestMethods(Invoker.java:1237)
	at org.testng.internal.TestMethodWorker.invokeTestMethods(TestMethodWorker.java:127)
	at org.testng.internal.TestMethodWorker.run(TestMethodWorker.java:111)
	at org.testng.TestRunner.privateRun(TestRunner.java:767)
	at org.testng.TestRunner.run(TestRunner.java:617)
	at org.testng.SuiteRunner.runTest(SuiteRunner.java:334)
	at org.testng.SuiteRunner.runSequentially(SuiteRunner.java:329)
	at org.testng.SuiteRunner.privateRun(SuiteRunner.java:291)
	at org.testng.SuiteRunner.run(SuiteRunner.java:240)
	at org.testng.SuiteRunnerWorker.runSuite(SuiteRunnerWorker.java:51)
	at org.testng.SuiteRunnerWorker.run(SuiteRunnerWorker.java:85)
	at org.testng.TestNG.runSuitesSequentially(TestNG.java:1197)
	at org.testng.TestNG.runSuitesLocally(TestNG.java:1122)
	at org.testng.TestNG.run(TestNG.java:1030)
	at org.testng.remote.AbstractRemoteTestNG.run(AbstractRemoteTestNG.java:132)
	at org.testng.remote.RemoteTestNG.initAndRun(RemoteTestNG.java:230)
	at org.testng.remote.RemoteTestNG.main(RemoteTestNG.java:76)
"</b><br>com.mysql.jdbc.Connection.createNewIO(Connection.java:2847)<br>com.mysql.jdbc.Connection.<init>(Connection.java:1555)<br>com.mysql.jdbc.NonRegisteringDriver.connect(NonRegisteringDriver.java:285)<br>java.sql.DriverManager.getConnection(DriverManager.java:664)<br>java.sql.DriverManager.getConnection(DriverManager.java:247)<br>J_POC.J_POC.HS_TS009_AEPAudit_Details_Check.HS_AEPAudit_ProductCodes_Null_Check_TC026(HS_TS009_AEPAudit_Details_Check.java:60)<br>sun.reflect.NativeMethodAccessorImpl.invoke0(Native Method)<br>sun.reflect.NativeMethodAccessorImpl.invoke(NativeMethodAccessorImpl.java:62)<br>sun.reflect.DelegatingMethodAccessorImpl.invoke(DelegatingMethodAccessorImpl.java:43)<br>java.lang.reflect.Method.invoke(Method.java:498)<br>org.testng.internal.MethodInvocationHelper.invokeMethod(MethodInvocationHelper.java:80)<br>org.testng.internal.Invoker.invokeMethod(Invoker.java:715)<br>org.testng.internal.Invoker.invokeTestMethod(Invoker.java:907)<br>org.testng.internal.Invoker.invokeTestMethods(Invoker.java:1237)<br>org.testng.internal.TestMethodWorker.invokeTestMethods(TestMethodWorker.java:127)<br>org.testng.internal.TestMethodWorker.run(TestMethodWorker.java:111)<br>org.testng.TestRunner.privateRun(TestRunner.java:767)<br>org.testng.TestRunner.run(TestRunner.java:617)<br>org.testng.SuiteRunner.runTest(SuiteRunner.java:334)<br>org.testng.SuiteRunner.runSequentially(SuiteRunner.java:329)<br>org.testng.SuiteRunner.privateRun(SuiteRunner.java:291)<br>org.testng.SuiteRunner.run(SuiteRunner.java:240)<br>org.testng.SuiteRunnerWorker.runSuite(SuiteRunnerWorker.java:51)<br>org.testng.SuiteRunnerWorker.run(SuiteRunnerWorker.java:85)<br>org.testng.TestNG.runSuitesSequentially(TestNG.java:1197)<br>org.testng.TestNG.runSuitesLocally(TestNG.java:1122)<br>org.testng.TestNG.run(TestNG.java:1030)<br>org.testng.remote.AbstractRemoteTestNG.run(AbstractRemoteTestNG.java:132)<br>org.testng.remote.RemoteTestNG.initAndRun(RemoteTestNG.java:230)<br>org.testng.remote.RemoteTestNG.main(RemoteTestNG.java:76)<br>
</div> <!-- stack-trace -->
                </div> <!-- method-content -->
              </div> <!-- method -->
            </div> <!-- main-panel-content rounded-window-bottom -->
          </div> <!-- suite-Suite-class-failed -->
          <div class="suite-Suite-class-failed">
            <div class="main-panel-header rounded-window-top">
              <img src="failed.png"/>
              <span class="class-name">J_POC.J_POC.HS_TS010_PaymentsFromPartner_Check</span>
            </div> <!-- main-panel-header rounded-window-top -->
            <div class="main-panel-content rounded-window-bottom">
              <div class="method">
                <div class="method-content">
                  <a name="HS_SJPayments_AccountNumber_Check_TC028">
                  </a> <!-- HS_SJPayments_AccountNumber_Check_TC028 -->
                  <span class="method-name">HS_SJPayments_AccountNumber_Check_TC028</span>
                  <div class="stack-trace"><b>"junit.framework.AssertionFailedError: Payments From Partner Account Number check is as Expected  expected:&lt;0&gt; but was:&lt;1&gt;
	at junit.framework.Assert.fail(Assert.java:57)
	at junit.framework.Assert.failNotEquals(Assert.java:329)
	at junit.framework.Assert.assertEquals(Assert.java:78)
	at junit.framework.Assert.assertEquals(Assert.java:234)
	at J_POC.J_POC.HS_TS010_PaymentsFromPartner_Check.HS_SJPayments_AccountNumber_Check_TC028(HS_TS010_PaymentsFromPartner_Check.java:36)
... Removed 24 stack frames<br/> junit.framework.AssertionFailedError: Payments From Partner Account Number check is as Expected  expected:&lt;0&gt; but was:&lt;1&gt;
	at junit.framework.Assert.fail(Assert.java:57)
	at junit.framework.Assert.failNotEquals(Assert.java:329)
	at junit.framework.Assert.assertEquals(Assert.java:78)
	at junit.framework.Assert.assertEquals(Assert.java:234)
	at J_POC.J_POC.HS_TS010_PaymentsFromPartner_Check.HS_SJPayments_AccountNumber_Check_TC028(HS_TS010_PaymentsFromPartner_Check.java:36)
	at sun.reflect.NativeMethodAccessorImpl.invoke0(Native Method)
	at sun.reflect.NativeMethodAccessorImpl.invoke(NativeMethodAccessorImpl.java:62)
	at sun.reflect.DelegatingMethodAccessorImpl.invoke(DelegatingMethodAccessorImpl.java:43)
	at java.lang.reflect.Method.invoke(Method.java:498)
	at org.testng.internal.MethodInvocationHelper.invokeMethod(MethodInvocationHelper.java:80)
	at org.testng.internal.Invoker.invokeMethod(Invoker.java:715)
	at org.testng.internal.Invoker.invokeTestMethod(Invoker.java:907)
	at org.testng.internal.Invoker.invokeTestMethods(Invoker.java:1237)
	at org.testng.internal.TestMethodWorker.invokeTestMethods(TestMethodWorker.java:127)
	at org.testng.internal.TestMethodWorker.run(TestMethodWorker.java:111)
	at org.testng.TestRunner.privateRun(TestRunner.java:767)
	at org.testng.TestRunner.run(TestRunner.java:617)
	at org.testng.SuiteRunner.runTest(SuiteRunner.java:334)
	at org.testng.SuiteRunner.runSequentially(SuiteRunner.java:329)
	at org.testng.SuiteRunner.privateRun(SuiteRunner.java:291)
	at org.testng.SuiteRunner.run(SuiteRunner.java:240)
	at org.testng.SuiteRunnerWorker.runSuite(SuiteRunnerWorker.java:51)
	at org.testng.SuiteRunnerWorker.run(SuiteRunnerWorker.java:85)
	at org.testng.TestNG.runSuitesSequentially(TestNG.java:1197)
	at org.testng.TestNG.runSuitesLocally(TestNG.java:1122)
	at org.testng.TestNG.run(TestNG.java:1030)
	at org.testng.remote.AbstractRemoteTestNG.run(AbstractRemoteTestNG.java:132)
	at org.testng.remote.RemoteTestNG.initAndRun(RemoteTestNG.java:230)
	at org.testng.remote.RemoteTestNG.main(RemoteTestNG.java:76)
"</b><br>junit.framework.Assert.fail(Assert.java:57)<br>junit.framework.Assert.failNotEquals(Assert.java:329)<br>junit.framework.Assert.assertEquals(Assert.java:78)<br>junit.framework.Assert.assertEquals(Assert.java:234)<br>J_POC.J_POC.HS_TS010_PaymentsFromPartner_Check.HS_SJPayments_AccountNumber_Check_TC028(HS_TS010_PaymentsFromPartner_Check.java:36)<br>sun.reflect.NativeMethodAccessorImpl.invoke0(Native Method)<br>sun.reflect.NativeMethodAccessorImpl.invoke(NativeMethodAccessorImpl.java:62)<br>sun.reflect.DelegatingMethodAccessorImpl.invoke(DelegatingMethodAccessorImpl.java:43)<br>java.lang.reflect.Method.invoke(Method.java:498)<br>org.testng.internal.MethodInvocationHelper.invokeMethod(MethodInvocationHelper.java:80)<br>org.testng.internal.Invoker.invokeMethod(Invoker.java:715)<br>org.testng.internal.Invoker.invokeTestMethod(Invoker.java:907)<br>org.testng.internal.Invoker.invokeTestMethods(Invoker.java:1237)<br>org.testng.internal.TestMethodWorker.invokeTestMethods(TestMethodWorker.java:127)<br>org.testng.internal.TestMethodWorker.run(TestMethodWorker.java:111)<br>org.testng.TestRunner.privateRun(TestRunner.java:767)<br>org.testng.TestRunner.run(TestRunner.java:617)<br>org.testng.SuiteRunner.runTest(SuiteRunner.java:334)<br>org.testng.SuiteRunner.runSequentially(SuiteRunner.java:329)<br>org.testng.SuiteRunner.privateRun(SuiteRunner.java:291)<br>org.testng.SuiteRunner.run(SuiteRunner.java:240)<br>org.testng.SuiteRunnerWorker.runSuite(SuiteRunnerWorker.java:51)<br>org.testng.SuiteRunnerWorker.run(SuiteRunnerWorker.java:85)<br>org.testng.TestNG.runSuitesSequentially(TestNG.java:1197)<br>org.testng.TestNG.runSuitesLocally(TestNG.java:1122)<br>org.testng.TestNG.run(TestNG.java:1030)<br>org.testng.remote.AbstractRemoteTestNG.run(AbstractRemoteTestNG.java:132)<br>org.testng.remote.RemoteTestNG.initAndRun(RemoteTestNG.java:230)<br>org.testng.remote.RemoteTestNG.main(RemoteTestNG.java:76)<br>
</div> <!-- stack-trace -->
                </div> <!-- method-content -->
              </div> <!-- method -->
              <div class="method">
                <div class="method-content">
                  <a name="HS_SJPayments_ChargeType_Check_TC029">
                  </a> <!-- HS_SJPayments_ChargeType_Check_TC029 -->
                  <span class="method-name">HS_SJPayments_ChargeType_Check_TC029</span>
                  <div class="stack-trace"><b>"junit.framework.AssertionFailedError: Payments From Partner Charge Type Check is Failed at Partner_Account_Number= ACCD101N8776123 Reason as  expected:&lt;0&gt; but was:&lt;1&gt;
	at junit.framework.Assert.fail(Assert.java:57)
	at junit.framework.Assert.failNotEquals(Assert.java:329)
	at junit.framework.Assert.assertEquals(Assert.java:78)
	at junit.framework.Assert.assertEquals(Assert.java:234)
	at J_POC.J_POC.HS_TS010_PaymentsFromPartner_Check.HS_SJPayments_ChargeType_Check_TC029(HS_TS010_PaymentsFromPartner_Check.java:68)
... Removed 24 stack frames<br/> junit.framework.AssertionFailedError: Payments From Partner Charge Type Check is Failed at Partner_Account_Number= ACCD101N8776123 Reason as  expected:&lt;0&gt; but was:&lt;1&gt;
	at junit.framework.Assert.fail(Assert.java:57)
	at junit.framework.Assert.failNotEquals(Assert.java:329)
	at junit.framework.Assert.assertEquals(Assert.java:78)
	at junit.framework.Assert.assertEquals(Assert.java:234)
	at J_POC.J_POC.HS_TS010_PaymentsFromPartner_Check.HS_SJPayments_ChargeType_Check_TC029(HS_TS010_PaymentsFromPartner_Check.java:68)
	at sun.reflect.NativeMethodAccessorImpl.invoke0(Native Method)
	at sun.reflect.NativeMethodAccessorImpl.invoke(NativeMethodAccessorImpl.java:62)
	at sun.reflect.DelegatingMethodAccessorImpl.invoke(DelegatingMethodAccessorImpl.java:43)
	at java.lang.reflect.Method.invoke(Method.java:498)
	at org.testng.internal.MethodInvocationHelper.invokeMethod(MethodInvocationHelper.java:80)
	at org.testng.internal.Invoker.invokeMethod(Invoker.java:715)
	at org.testng.internal.Invoker.invokeTestMethod(Invoker.java:907)
	at org.testng.internal.Invoker.invokeTestMethods(Invoker.java:1237)
	at org.testng.internal.TestMethodWorker.invokeTestMethods(TestMethodWorker.java:127)
	at org.testng.internal.TestMethodWorker.run(TestMethodWorker.java:111)
	at org.testng.TestRunner.privateRun(TestRunner.java:767)
	at org.testng.TestRunner.run(TestRunner.java:617)
	at org.testng.SuiteRunner.runTest(SuiteRunner.java:334)
	at org.testng.SuiteRunner.runSequentially(SuiteRunner.java:329)
	at org.testng.SuiteRunner.privateRun(SuiteRunner.java:291)
	at org.testng.SuiteRunner.run(SuiteRunner.java:240)
	at org.testng.SuiteRunnerWorker.runSuite(SuiteRunnerWorker.java:51)
	at org.testng.SuiteRunnerWorker.run(SuiteRunnerWorker.java:85)
	at org.testng.TestNG.runSuitesSequentially(TestNG.java:1197)
	at org.testng.TestNG.runSuitesLocally(TestNG.java:1122)
	at org.testng.TestNG.run(TestNG.java:1030)
	at org.testng.remote.AbstractRemoteTestNG.run(AbstractRemoteTestNG.java:132)
	at org.testng.remote.RemoteTestNG.initAndRun(RemoteTestNG.java:230)
	at org.testng.remote.RemoteTestNG.main(RemoteTestNG.java:76)
"</b><br>junit.framework.Assert.fail(Assert.java:57)<br>junit.framework.Assert.failNotEquals(Assert.java:329)<br>junit.framework.Assert.assertEquals(Assert.java:78)<br>junit.framework.Assert.assertEquals(Assert.java:234)<br>J_POC.J_POC.HS_TS010_PaymentsFromPartner_Check.HS_SJPayments_ChargeType_Check_TC029(HS_TS010_PaymentsFromPartner_Check.java:68)<br>sun.reflect.NativeMethodAccessorImpl.invoke0(Native Method)<br>sun.reflect.NativeMethodAccessorImpl.invoke(NativeMethodAccessorImpl.java:62)<br>sun.reflect.DelegatingMethodAccessorImpl.invoke(DelegatingMethodAccessorImpl.java:43)<br>java.lang.reflect.Method.invoke(Method.java:498)<br>org.testng.internal.MethodInvocationHelper.invokeMethod(MethodInvocationHelper.java:80)<br>org.testng.internal.Invoker.invokeMethod(Invoker.java:715)<br>org.testng.internal.Invoker.invokeTestMethod(Invoker.java:907)<br>org.testng.internal.Invoker.invokeTestMethods(Invoker.java:1237)<br>org.testng.internal.TestMethodWorker.invokeTestMethods(TestMethodWorker.java:127)<br>org.testng.internal.TestMethodWorker.run(TestMethodWorker.java:111)<br>org.testng.TestRunner.privateRun(TestRunner.java:767)<br>org.testng.TestRunner.run(TestRunner.java:617)<br>org.testng.SuiteRunner.runTest(SuiteRunner.java:334)<br>org.testng.SuiteRunner.runSequentially(SuiteRunner.java:329)<br>org.testng.SuiteRunner.privateRun(SuiteRunner.java:291)<br>org.testng.SuiteRunner.run(SuiteRunner.java:240)<br>org.testng.SuiteRunnerWorker.runSuite(SuiteRunnerWorker.java:51)<br>org.testng.SuiteRunnerWorker.run(SuiteRunnerWorker.java:85)<br>org.testng.TestNG.runSuitesSequentially(TestNG.java:1197)<br>org.testng.TestNG.runSuitesLocally(TestNG.java:1122)<br>org.testng.TestNG.run(TestNG.java:1030)<br>org.testng.remote.AbstractRemoteTestNG.run(AbstractRemoteTestNG.java:132)<br>org.testng.remote.RemoteTestNG.initAndRun(RemoteTestNG.java:230)<br>org.testng.remote.RemoteTestNG.main(RemoteTestNG.java:76)<br>
</div> <!-- stack-trace -->
                </div> <!-- method-content -->
              </div> <!-- method -->
              <div class="method">
                <div class="method-content">
                  <a name="HS_SJPayments_Invoice_Number_Check_TC030">
                  </a> <!-- HS_SJPayments_Invoice_Number_Check_TC030 -->
                  <span class="method-name">HS_SJPayments_Invoice_Number_Check_TC030</span>
                  <div class="stack-trace"><b>"junit.framework.AssertionFailedError: Payments From Partner Charge Type Check is Failed at Partner_Account_Number= ACCD101N8776123 Reason as  expected:&lt;0&gt; but was:&lt;1&gt;
	at junit.framework.Assert.fail(Assert.java:57)
	at junit.framework.Assert.failNotEquals(Assert.java:329)
	at junit.framework.Assert.assertEquals(Assert.java:78)
	at junit.framework.Assert.assertEquals(Assert.java:234)
	at J_POC.J_POC.HS_TS010_PaymentsFromPartner_Check.HS_SJPayments_Invoice_Number_Check_TC030(HS_TS010_PaymentsFromPartner_Check.java:97)
... Removed 24 stack frames<br/> junit.framework.AssertionFailedError: Payments From Partner Charge Type Check is Failed at Partner_Account_Number= ACCD101N8776123 Reason as  expected:&lt;0&gt; but was:&lt;1&gt;
	at junit.framework.Assert.fail(Assert.java:57)
	at junit.framework.Assert.failNotEquals(Assert.java:329)
	at junit.framework.Assert.assertEquals(Assert.java:78)
	at junit.framework.Assert.assertEquals(Assert.java:234)
	at J_POC.J_POC.HS_TS010_PaymentsFromPartner_Check.HS_SJPayments_Invoice_Number_Check_TC030(HS_TS010_PaymentsFromPartner_Check.java:97)
	at sun.reflect.NativeMethodAccessorImpl.invoke0(Native Method)
	at sun.reflect.NativeMethodAccessorImpl.invoke(NativeMethodAccessorImpl.java:62)
	at sun.reflect.DelegatingMethodAccessorImpl.invoke(DelegatingMethodAccessorImpl.java:43)
	at java.lang.reflect.Method.invoke(Method.java:498)
	at org.testng.internal.MethodInvocationHelper.invokeMethod(MethodInvocationHelper.java:80)
	at org.testng.internal.Invoker.invokeMethod(Invoker.java:715)
	at org.testng.internal.Invoker.invokeTestMethod(Invoker.java:907)
	at org.testng.internal.Invoker.invokeTestMethods(Invoker.java:1237)
	at org.testng.internal.TestMethodWorker.invokeTestMethods(TestMethodWorker.java:127)
	at org.testng.internal.TestMethodWorker.run(TestMethodWorker.java:111)
	at org.testng.TestRunner.privateRun(TestRunner.java:767)
	at org.testng.TestRunner.run(TestRunner.java:617)
	at org.testng.SuiteRunner.runTest(SuiteRunner.java:334)
	at org.testng.SuiteRunner.runSequentially(SuiteRunner.java:329)
	at org.testng.SuiteRunner.privateRun(SuiteRunner.java:291)
	at org.testng.SuiteRunner.run(SuiteRunner.java:240)
	at org.testng.SuiteRunnerWorker.runSuite(SuiteRunnerWorker.java:51)
	at org.testng.SuiteRunnerWorker.run(SuiteRunnerWorker.java:85)
	at org.testng.TestNG.runSuitesSequentially(TestNG.java:1197)
	at org.testng.TestNG.runSuitesLocally(TestNG.java:1122)
	at org.testng.TestNG.run(TestNG.java:1030)
	at org.testng.remote.AbstractRemoteTestNG.run(AbstractRemoteTestNG.java:132)
	at org.testng.remote.RemoteTestNG.initAndRun(RemoteTestNG.java:230)
	at org.testng.remote.RemoteTestNG.main(RemoteTestNG.java:76)
"</b><br>junit.framework.Assert.fail(Assert.java:57)<br>junit.framework.Assert.failNotEquals(Assert.java:329)<br>junit.framework.Assert.assertEquals(Assert.java:78)<br>junit.framework.Assert.assertEquals(Assert.java:234)<br>J_POC.J_POC.HS_TS010_PaymentsFromPartner_Check.HS_SJPayments_Invoice_Number_Check_TC030(HS_TS010_PaymentsFromPartner_Check.java:97)<br>sun.reflect.NativeMethodAccessorImpl.invoke0(Native Method)<br>sun.reflect.NativeMethodAccessorImpl.invoke(NativeMethodAccessorImpl.java:62)<br>sun.reflect.DelegatingMethodAccessorImpl.invoke(DelegatingMethodAccessorImpl.java:43)<br>java.lang.reflect.Method.invoke(Method.java:498)<br>org.testng.internal.MethodInvocationHelper.invokeMethod(MethodInvocationHelper.java:80)<br>org.testng.internal.Invoker.invokeMethod(Invoker.java:715)<br>org.testng.internal.Invoker.invokeTestMethod(Invoker.java:907)<br>org.testng.internal.Invoker.invokeTestMethods(Invoker.java:1237)<br>org.testng.internal.TestMethodWorker.invokeTestMethods(TestMethodWorker.java:127)<br>org.testng.internal.TestMethodWorker.run(TestMethodWorker.java:111)<br>org.testng.TestRunner.privateRun(TestRunner.java:767)<br>org.testng.TestRunner.run(TestRunner.java:617)<br>org.testng.SuiteRunner.runTest(SuiteRunner.java:334)<br>org.testng.SuiteRunner.runSequentially(SuiteRunner.java:329)<br>org.testng.SuiteRunner.privateRun(SuiteRunner.java:291)<br>org.testng.SuiteRunner.run(SuiteRunner.java:240)<br>org.testng.SuiteRunnerWorker.runSuite(SuiteRunnerWorker.java:51)<br>org.testng.SuiteRunnerWorker.run(SuiteRunnerWorker.java:85)<br>org.testng.TestNG.runSuitesSequentially(TestNG.java:1197)<br>org.testng.TestNG.runSuitesLocally(TestNG.java:1122)<br>org.testng.TestNG.run(TestNG.java:1030)<br>org.testng.remote.AbstractRemoteTestNG.run(AbstractRemoteTestNG.java:132)<br>org.testng.remote.RemoteTestNG.initAndRun(RemoteTestNG.java:230)<br>org.testng.remote.RemoteTestNG.main(RemoteTestNG.java:76)<br>
</div> <!-- stack-trace -->
                </div> <!-- method-content -->
              </div> <!-- method -->
              <div class="method">
                <div class="method-content">
                  <a name="HS_SJPayments_Partner_ChargeSign_Check_TC032">
                  </a> <!-- HS_SJPayments_Partner_ChargeSign_Check_TC032 -->
                  <span class="method-name">HS_SJPayments_Partner_ChargeSign_Check_TC032</span>
                  <div class="stack-trace"><b>"junit.framework.AssertionFailedError: Payments From Partner Charge Sign Check is Failed at Partner_Account_Number= ACCD101N8776123 expected:&lt;0&gt; but was:&lt;1&gt;
	at junit.framework.Assert.fail(Assert.java:57)
	at junit.framework.Assert.failNotEquals(Assert.java:329)
	at junit.framework.Assert.assertEquals(Assert.java:78)
	at junit.framework.Assert.assertEquals(Assert.java:234)
	at J_POC.J_POC.HS_TS010_PaymentsFromPartner_Check.HS_SJPayments_Partner_ChargeSign_Check_TC032(HS_TS010_PaymentsFromPartner_Check.java:154)
... Removed 24 stack frames<br/> junit.framework.AssertionFailedError: Payments From Partner Charge Sign Check is Failed at Partner_Account_Number= ACCD101N8776123 expected:&lt;0&gt; but was:&lt;1&gt;
	at junit.framework.Assert.fail(Assert.java:57)
	at junit.framework.Assert.failNotEquals(Assert.java:329)
	at junit.framework.Assert.assertEquals(Assert.java:78)
	at junit.framework.Assert.assertEquals(Assert.java:234)
	at J_POC.J_POC.HS_TS010_PaymentsFromPartner_Check.HS_SJPayments_Partner_ChargeSign_Check_TC032(HS_TS010_PaymentsFromPartner_Check.java:154)
	at sun.reflect.NativeMethodAccessorImpl.invoke0(Native Method)
	at sun.reflect.NativeMethodAccessorImpl.invoke(NativeMethodAccessorImpl.java:62)
	at sun.reflect.DelegatingMethodAccessorImpl.invoke(DelegatingMethodAccessorImpl.java:43)
	at java.lang.reflect.Method.invoke(Method.java:498)
	at org.testng.internal.MethodInvocationHelper.invokeMethod(MethodInvocationHelper.java:80)
	at org.testng.internal.Invoker.invokeMethod(Invoker.java:715)
	at org.testng.internal.Invoker.invokeTestMethod(Invoker.java:907)
	at org.testng.internal.Invoker.invokeTestMethods(Invoker.java:1237)
	at org.testng.internal.TestMethodWorker.invokeTestMethods(TestMethodWorker.java:127)
	at org.testng.internal.TestMethodWorker.run(TestMethodWorker.java:111)
	at org.testng.TestRunner.privateRun(TestRunner.java:767)
	at org.testng.TestRunner.run(TestRunner.java:617)
	at org.testng.SuiteRunner.runTest(SuiteRunner.java:334)
	at org.testng.SuiteRunner.runSequentially(SuiteRunner.java:329)
	at org.testng.SuiteRunner.privateRun(SuiteRunner.java:291)
	at org.testng.SuiteRunner.run(SuiteRunner.java:240)
	at org.testng.SuiteRunnerWorker.runSuite(SuiteRunnerWorker.java:51)
	at org.testng.SuiteRunnerWorker.run(SuiteRunnerWorker.java:85)
	at org.testng.TestNG.runSuitesSequentially(TestNG.java:1197)
	at org.testng.TestNG.runSuitesLocally(TestNG.java:1122)
	at org.testng.TestNG.run(TestNG.java:1030)
	at org.testng.remote.AbstractRemoteTestNG.run(AbstractRemoteTestNG.java:132)
	at org.testng.remote.RemoteTestNG.initAndRun(RemoteTestNG.java:230)
	at org.testng.remote.RemoteTestNG.main(RemoteTestNG.java:76)
"</b><br>junit.framework.Assert.fail(Assert.java:57)<br>junit.framework.Assert.failNotEquals(Assert.java:329)<br>junit.framework.Assert.assertEquals(Assert.java:78)<br>junit.framework.Assert.assertEquals(Assert.java:234)<br>J_POC.J_POC.HS_TS010_PaymentsFromPartner_Check.HS_SJPayments_Partner_ChargeSign_Check_TC032(HS_TS010_PaymentsFromPartner_Check.java:154)<br>sun.reflect.NativeMethodAccessorImpl.invoke0(Native Method)<br>sun.reflect.NativeMethodAccessorImpl.invoke(NativeMethodAccessorImpl.java:62)<br>sun.reflect.DelegatingMethodAccessorImpl.invoke(DelegatingMethodAccessorImpl.java:43)<br>java.lang.reflect.Method.invoke(Method.java:498)<br>org.testng.internal.MethodInvocationHelper.invokeMethod(MethodInvocationHelper.java:80)<br>org.testng.internal.Invoker.invokeMethod(Invoker.java:715)<br>org.testng.internal.Invoker.invokeTestMethod(Invoker.java:907)<br>org.testng.internal.Invoker.invokeTestMethods(Invoker.java:1237)<br>org.testng.internal.TestMethodWorker.invokeTestMethods(TestMethodWorker.java:127)<br>org.testng.internal.TestMethodWorker.run(TestMethodWorker.java:111)<br>org.testng.TestRunner.privateRun(TestRunner.java:767)<br>org.testng.TestRunner.run(TestRunner.java:617)<br>org.testng.SuiteRunner.runTest(SuiteRunner.java:334)<br>org.testng.SuiteRunner.runSequentially(SuiteRunner.java:329)<br>org.testng.SuiteRunner.privateRun(SuiteRunner.java:291)<br>org.testng.SuiteRunner.run(SuiteRunner.java:240)<br>org.testng.SuiteRunnerWorker.runSuite(SuiteRunnerWorker.java:51)<br>org.testng.SuiteRunnerWorker.run(SuiteRunnerWorker.java:85)<br>org.testng.TestNG.runSuitesSequentially(TestNG.java:1197)<br>org.testng.TestNG.runSuitesLocally(TestNG.java:1122)<br>org.testng.TestNG.run(TestNG.java:1030)<br>org.testng.remote.AbstractRemoteTestNG.run(AbstractRemoteTestNG.java:132)<br>org.testng.remote.RemoteTestNG.initAndRun(RemoteTestNG.java:230)<br>org.testng.remote.RemoteTestNG.main(RemoteTestNG.java:76)<br>
</div> <!-- stack-trace -->
                </div> <!-- method-content -->
              </div> <!-- method -->
              <div class="method">
                <div class="method-content">
                  <a name="HS_SJPayments_Partner_Record_Type_Check_TC033">
                  </a> <!-- HS_SJPayments_Partner_Record_Type_Check_TC033 -->
                  <span class="method-name">HS_SJPayments_Partner_Record_Type_Check_TC033</span>
                  <div class="stack-trace"><b>"junit.framework.AssertionFailedError: Payments From Partner Record Type Check is Failed at Partner_Account_Number= ACCD101N9880765 expected:&lt;0&gt; but was:&lt;1&gt;
	at junit.framework.Assert.fail(Assert.java:57)
	at junit.framework.Assert.failNotEquals(Assert.java:329)
	at junit.framework.Assert.assertEquals(Assert.java:78)
	at junit.framework.Assert.assertEquals(Assert.java:234)
	at J_POC.J_POC.HS_TS010_PaymentsFromPartner_Check.HS_SJPayments_Partner_Record_Type_Check_TC033(HS_TS010_PaymentsFromPartner_Check.java:183)
... Removed 24 stack frames<br/> junit.framework.AssertionFailedError: Payments From Partner Record Type Check is Failed at Partner_Account_Number= ACCD101N9880765 expected:&lt;0&gt; but was:&lt;1&gt;
	at junit.framework.Assert.fail(Assert.java:57)
	at junit.framework.Assert.failNotEquals(Assert.java:329)
	at junit.framework.Assert.assertEquals(Assert.java:78)
	at junit.framework.Assert.assertEquals(Assert.java:234)
	at J_POC.J_POC.HS_TS010_PaymentsFromPartner_Check.HS_SJPayments_Partner_Record_Type_Check_TC033(HS_TS010_PaymentsFromPartner_Check.java:183)
	at sun.reflect.NativeMethodAccessorImpl.invoke0(Native Method)
	at sun.reflect.NativeMethodAccessorImpl.invoke(NativeMethodAccessorImpl.java:62)
	at sun.reflect.DelegatingMethodAccessorImpl.invoke(DelegatingMethodAccessorImpl.java:43)
	at java.lang.reflect.Method.invoke(Method.java:498)
	at org.testng.internal.MethodInvocationHelper.invokeMethod(MethodInvocationHelper.java:80)
	at org.testng.internal.Invoker.invokeMethod(Invoker.java:715)
	at org.testng.internal.Invoker.invokeTestMethod(Invoker.java:907)
	at org.testng.internal.Invoker.invokeTestMethods(Invoker.java:1237)
	at org.testng.internal.TestMethodWorker.invokeTestMethods(TestMethodWorker.java:127)
	at org.testng.internal.TestMethodWorker.run(TestMethodWorker.java:111)
	at org.testng.TestRunner.privateRun(TestRunner.java:767)
	at org.testng.TestRunner.run(TestRunner.java:617)
	at org.testng.SuiteRunner.runTest(SuiteRunner.java:334)
	at org.testng.SuiteRunner.runSequentially(SuiteRunner.java:329)
	at org.testng.SuiteRunner.privateRun(SuiteRunner.java:291)
	at org.testng.SuiteRunner.run(SuiteRunner.java:240)
	at org.testng.SuiteRunnerWorker.runSuite(SuiteRunnerWorker.java:51)
	at org.testng.SuiteRunnerWorker.run(SuiteRunnerWorker.java:85)
	at org.testng.TestNG.runSuitesSequentially(TestNG.java:1197)
	at org.testng.TestNG.runSuitesLocally(TestNG.java:1122)
	at org.testng.TestNG.run(TestNG.java:1030)
	at org.testng.remote.AbstractRemoteTestNG.run(AbstractRemoteTestNG.java:132)
	at org.testng.remote.RemoteTestNG.initAndRun(RemoteTestNG.java:230)
	at org.testng.remote.RemoteTestNG.main(RemoteTestNG.java:76)
"</b><br>junit.framework.Assert.fail(Assert.java:57)<br>junit.framework.Assert.failNotEquals(Assert.java:329)<br>junit.framework.Assert.assertEquals(Assert.java:78)<br>junit.framework.Assert.assertEquals(Assert.java:234)<br>J_POC.J_POC.HS_TS010_PaymentsFromPartner_Check.HS_SJPayments_Partner_Record_Type_Check_TC033(HS_TS010_PaymentsFromPartner_Check.java:183)<br>sun.reflect.NativeMethodAccessorImpl.invoke0(Native Method)<br>sun.reflect.NativeMethodAccessorImpl.invoke(NativeMethodAccessorImpl.java:62)<br>sun.reflect.DelegatingMethodAccessorImpl.invoke(DelegatingMethodAccessorImpl.java:43)<br>java.lang.reflect.Method.invoke(Method.java:498)<br>org.testng.internal.MethodInvocationHelper.invokeMethod(MethodInvocationHelper.java:80)<br>org.testng.internal.Invoker.invokeMethod(Invoker.java:715)<br>org.testng.internal.Invoker.invokeTestMethod(Invoker.java:907)<br>org.testng.internal.Invoker.invokeTestMethods(Invoker.java:1237)<br>org.testng.internal.TestMethodWorker.invokeTestMethods(TestMethodWorker.java:127)<br>org.testng.internal.TestMethodWorker.run(TestMethodWorker.java:111)<br>org.testng.TestRunner.privateRun(TestRunner.java:767)<br>org.testng.TestRunner.run(TestRunner.java:617)<br>org.testng.SuiteRunner.runTest(SuiteRunner.java:334)<br>org.testng.SuiteRunner.runSequentially(SuiteRunner.java:329)<br>org.testng.SuiteRunner.privateRun(SuiteRunner.java:291)<br>org.testng.SuiteRunner.run(SuiteRunner.java:240)<br>org.testng.SuiteRunnerWorker.runSuite(SuiteRunnerWorker.java:51)<br>org.testng.SuiteRunnerWorker.run(SuiteRunnerWorker.java:85)<br>org.testng.TestNG.runSuitesSequentially(TestNG.java:1197)<br>org.testng.TestNG.runSuitesLocally(TestNG.java:1122)<br>org.testng.TestNG.run(TestNG.java:1030)<br>org.testng.remote.AbstractRemoteTestNG.run(AbstractRemoteTestNG.java:132)<br>org.testng.remote.RemoteTestNG.initAndRun(RemoteTestNG.java:230)<br>org.testng.remote.RemoteTestNG.main(RemoteTestNG.java:76)<br>
</div> <!-- stack-trace -->
                </div> <!-- method-content -->
              </div> <!-- method -->
              <div class="method">
                <div class="method-content">
                  <a name="HS_SJPayments_Transaction_Amount_Check_TC031">
                  </a> <!-- HS_SJPayments_Transaction_Amount_Check_TC031 -->
                  <span class="method-name">HS_SJPayments_Transaction_Amount_Check_TC031</span>
                  <div class="stack-trace"><b>"junit.framework.AssertionFailedError: Payments From Partner Partner Transaction Amount Check is Failed at Partner_Account_Number= ACCD101N8776123 Amount value not zero, but we got count as  expected:&lt;0&gt; but was:&lt;1&gt;
	at junit.framework.Assert.fail(Assert.java:57)
	at junit.framework.Assert.failNotEquals(Assert.java:329)
	at junit.framework.Assert.assertEquals(Assert.java:78)
	at junit.framework.Assert.assertEquals(Assert.java:234)
	at J_POC.J_POC.HS_TS010_PaymentsFromPartner_Check.HS_SJPayments_Transaction_Amount_Check_TC031(HS_TS010_PaymentsFromPartner_Check.java:125)
... Removed 24 stack frames<br/> junit.framework.AssertionFailedError: Payments From Partner Partner Transaction Amount Check is Failed at Partner_Account_Number= ACCD101N8776123 Amount value not zero, but we got count as  expected:&lt;0&gt; but was:&lt;1&gt;
	at junit.framework.Assert.fail(Assert.java:57)
	at junit.framework.Assert.failNotEquals(Assert.java:329)
	at junit.framework.Assert.assertEquals(Assert.java:78)
	at junit.framework.Assert.assertEquals(Assert.java:234)
	at J_POC.J_POC.HS_TS010_PaymentsFromPartner_Check.HS_SJPayments_Transaction_Amount_Check_TC031(HS_TS010_PaymentsFromPartner_Check.java:125)
	at sun.reflect.NativeMethodAccessorImpl.invoke0(Native Method)
	at sun.reflect.NativeMethodAccessorImpl.invoke(NativeMethodAccessorImpl.java:62)
	at sun.reflect.DelegatingMethodAccessorImpl.invoke(DelegatingMethodAccessorImpl.java:43)
	at java.lang.reflect.Method.invoke(Method.java:498)
	at org.testng.internal.MethodInvocationHelper.invokeMethod(MethodInvocationHelper.java:80)
	at org.testng.internal.Invoker.invokeMethod(Invoker.java:715)
	at org.testng.internal.Invoker.invokeTestMethod(Invoker.java:907)
	at org.testng.internal.Invoker.invokeTestMethods(Invoker.java:1237)
	at org.testng.internal.TestMethodWorker.invokeTestMethods(TestMethodWorker.java:127)
	at org.testng.internal.TestMethodWorker.run(TestMethodWorker.java:111)
	at org.testng.TestRunner.privateRun(TestRunner.java:767)
	at org.testng.TestRunner.run(TestRunner.java:617)
	at org.testng.SuiteRunner.runTest(SuiteRunner.java:334)
	at org.testng.SuiteRunner.runSequentially(SuiteRunner.java:329)
	at org.testng.SuiteRunner.privateRun(SuiteRunner.java:291)
	at org.testng.SuiteRunner.run(SuiteRunner.java:240)
	at org.testng.SuiteRunnerWorker.runSuite(SuiteRunnerWorker.java:51)
	at org.testng.SuiteRunnerWorker.run(SuiteRunnerWorker.java:85)
	at org.testng.TestNG.runSuitesSequentially(TestNG.java:1197)
	at org.testng.TestNG.runSuitesLocally(TestNG.java:1122)
	at org.testng.TestNG.run(TestNG.java:1030)
	at org.testng.remote.AbstractRemoteTestNG.run(AbstractRemoteTestNG.java:132)
	at org.testng.remote.RemoteTestNG.initAndRun(RemoteTestNG.java:230)
	at org.testng.remote.RemoteTestNG.main(RemoteTestNG.java:76)
"</b><br>junit.framework.Assert.fail(Assert.java:57)<br>junit.framework.Assert.failNotEquals(Assert.java:329)<br>junit.framework.Assert.assertEquals(Assert.java:78)<br>junit.framework.Assert.assertEquals(Assert.java:234)<br>J_POC.J_POC.HS_TS010_PaymentsFromPartner_Check.HS_SJPayments_Transaction_Amount_Check_TC031(HS_TS010_PaymentsFromPartner_Check.java:125)<br>sun.reflect.NativeMethodAccessorImpl.invoke0(Native Method)<br>sun.reflect.NativeMethodAccessorImpl.invoke(NativeMethodAccessorImpl.java:62)<br>sun.reflect.DelegatingMethodAccessorImpl.invoke(DelegatingMethodAccessorImpl.java:43)<br>java.lang.reflect.Method.invoke(Method.java:498)<br>org.testng.internal.MethodInvocationHelper.invokeMethod(MethodInvocationHelper.java:80)<br>org.testng.internal.Invoker.invokeMethod(Invoker.java:715)<br>org.testng.internal.Invoker.invokeTestMethod(Invoker.java:907)<br>org.testng.internal.Invoker.invokeTestMethods(Invoker.java:1237)<br>org.testng.internal.TestMethodWorker.invokeTestMethods(TestMethodWorker.java:127)<br>org.testng.internal.TestMethodWorker.run(TestMethodWorker.java:111)<br>org.testng.TestRunner.privateRun(TestRunner.java:767)<br>org.testng.TestRunner.run(TestRunner.java:617)<br>org.testng.SuiteRunner.runTest(SuiteRunner.java:334)<br>org.testng.SuiteRunner.runSequentially(SuiteRunner.java:329)<br>org.testng.SuiteRunner.privateRun(SuiteRunner.java:291)<br>org.testng.SuiteRunner.run(SuiteRunner.java:240)<br>org.testng.SuiteRunnerWorker.runSuite(SuiteRunnerWorker.java:51)<br>org.testng.SuiteRunnerWorker.run(SuiteRunnerWorker.java:85)<br>org.testng.TestNG.runSuitesSequentially(TestNG.java:1197)<br>org.testng.TestNG.runSuitesLocally(TestNG.java:1122)<br>org.testng.TestNG.run(TestNG.java:1030)<br>org.testng.remote.AbstractRemoteTestNG.run(AbstractRemoteTestNG.java:132)<br>org.testng.remote.RemoteTestNG.initAndRun(RemoteTestNG.java:230)<br>org.testng.remote.RemoteTestNG.main(RemoteTestNG.java:76)<br>
</div> <!-- stack-trace -->
                </div> <!-- method-content -->
              </div> <!-- method -->
            </div> <!-- main-panel-content rounded-window-bottom -->
          </div> <!-- suite-Suite-class-failed -->
          <div class="suite-Suite-class-failed">
            <div class="main-panel-header rounded-window-top">
              <img src="failed.png"/>
              <span class="class-name">J_POC.J_POC.HS_TS007_Premise_Name_Check</span>
            </div> <!-- main-panel-header rounded-window-top -->
            <div class="main-panel-content rounded-window-bottom">
              <div class="method">
                <div class="method-content">
                  <a name="HS_Premise_First_Name_Check_TC018">
                  </a> <!-- HS_Premise_First_Name_Check_TC018 -->
                  <span class="method-name">HS_Premise_First_Name_Check_TC018</span>
                  <div class="stack-trace"><b>"junit.framework.AssertionFailedError: Premise_First_Name is Mandatory expected:&lt;0&gt; but was:&lt;14&gt;
	at junit.framework.Assert.fail(Assert.java:57)
	at junit.framework.Assert.failNotEquals(Assert.java:329)
	at junit.framework.Assert.assertEquals(Assert.java:78)
	at junit.framework.Assert.assertEquals(Assert.java:234)
	at J_POC.J_POC.HS_TS007_Premise_Name_Check.HS_Premise_First_Name_Check_TC018(HS_TS007_Premise_Name_Check.java:32)
... Removed 24 stack frames<br/> junit.framework.AssertionFailedError: Premise_First_Name is Mandatory expected:&lt;0&gt; but was:&lt;14&gt;
	at junit.framework.Assert.fail(Assert.java:57)
	at junit.framework.Assert.failNotEquals(Assert.java:329)
	at junit.framework.Assert.assertEquals(Assert.java:78)
	at junit.framework.Assert.assertEquals(Assert.java:234)
	at J_POC.J_POC.HS_TS007_Premise_Name_Check.HS_Premise_First_Name_Check_TC018(HS_TS007_Premise_Name_Check.java:32)
	at sun.reflect.NativeMethodAccessorImpl.invoke0(Native Method)
	at sun.reflect.NativeMethodAccessorImpl.invoke(NativeMethodAccessorImpl.java:62)
	at sun.reflect.DelegatingMethodAccessorImpl.invoke(DelegatingMethodAccessorImpl.java:43)
	at java.lang.reflect.Method.invoke(Method.java:498)
	at org.testng.internal.MethodInvocationHelper.invokeMethod(MethodInvocationHelper.java:80)
	at org.testng.internal.Invoker.invokeMethod(Invoker.java:715)
	at org.testng.internal.Invoker.invokeTestMethod(Invoker.java:907)
	at org.testng.internal.Invoker.invokeTestMethods(Invoker.java:1237)
	at org.testng.internal.TestMethodWorker.invokeTestMethods(TestMethodWorker.java:127)
	at org.testng.internal.TestMethodWorker.run(TestMethodWorker.java:111)
	at org.testng.TestRunner.privateRun(TestRunner.java:767)
	at org.testng.TestRunner.run(TestRunner.java:617)
	at org.testng.SuiteRunner.runTest(SuiteRunner.java:334)
	at org.testng.SuiteRunner.runSequentially(SuiteRunner.java:329)
	at org.testng.SuiteRunner.privateRun(SuiteRunner.java:291)
	at org.testng.SuiteRunner.run(SuiteRunner.java:240)
	at org.testng.SuiteRunnerWorker.runSuite(SuiteRunnerWorker.java:51)
	at org.testng.SuiteRunnerWorker.run(SuiteRunnerWorker.java:85)
	at org.testng.TestNG.runSuitesSequentially(TestNG.java:1197)
	at org.testng.TestNG.runSuitesLocally(TestNG.java:1122)
	at org.testng.TestNG.run(TestNG.java:1030)
	at org.testng.remote.AbstractRemoteTestNG.run(AbstractRemoteTestNG.java:132)
	at org.testng.remote.RemoteTestNG.initAndRun(RemoteTestNG.java:230)
	at org.testng.remote.RemoteTestNG.main(RemoteTestNG.java:76)
"</b><br>junit.framework.Assert.fail(Assert.java:57)<br>junit.framework.Assert.failNotEquals(Assert.java:329)<br>junit.framework.Assert.assertEquals(Assert.java:78)<br>junit.framework.Assert.assertEquals(Assert.java:234)<br>J_POC.J_POC.HS_TS007_Premise_Name_Check.HS_Premise_First_Name_Check_TC018(HS_TS007_Premise_Name_Check.java:32)<br>sun.reflect.NativeMethodAccessorImpl.invoke0(Native Method)<br>sun.reflect.NativeMethodAccessorImpl.invoke(NativeMethodAccessorImpl.java:62)<br>sun.reflect.DelegatingMethodAccessorImpl.invoke(DelegatingMethodAccessorImpl.java:43)<br>java.lang.reflect.Method.invoke(Method.java:498)<br>org.testng.internal.MethodInvocationHelper.invokeMethod(MethodInvocationHelper.java:80)<br>org.testng.internal.Invoker.invokeMethod(Invoker.java:715)<br>org.testng.internal.Invoker.invokeTestMethod(Invoker.java:907)<br>org.testng.internal.Invoker.invokeTestMethods(Invoker.java:1237)<br>org.testng.internal.TestMethodWorker.invokeTestMethods(TestMethodWorker.java:127)<br>org.testng.internal.TestMethodWorker.run(TestMethodWorker.java:111)<br>org.testng.TestRunner.privateRun(TestRunner.java:767)<br>org.testng.TestRunner.run(TestRunner.java:617)<br>org.testng.SuiteRunner.runTest(SuiteRunner.java:334)<br>org.testng.SuiteRunner.runSequentially(SuiteRunner.java:329)<br>org.testng.SuiteRunner.privateRun(SuiteRunner.java:291)<br>org.testng.SuiteRunner.run(SuiteRunner.java:240)<br>org.testng.SuiteRunnerWorker.runSuite(SuiteRunnerWorker.java:51)<br>org.testng.SuiteRunnerWorker.run(SuiteRunnerWorker.java:85)<br>org.testng.TestNG.runSuitesSequentially(TestNG.java:1197)<br>org.testng.TestNG.runSuitesLocally(TestNG.java:1122)<br>org.testng.TestNG.run(TestNG.java:1030)<br>org.testng.remote.AbstractRemoteTestNG.run(AbstractRemoteTestNG.java:132)<br>org.testng.remote.RemoteTestNG.initAndRun(RemoteTestNG.java:230)<br>org.testng.remote.RemoteTestNG.main(RemoteTestNG.java:76)<br>
</div> <!-- stack-trace -->
                </div> <!-- method-content -->
              </div> <!-- method -->
              <div class="method">
                <div class="method-content">
                  <a name="HS_Premise_Last_Name_Check_TC019">
                  </a> <!-- HS_Premise_Last_Name_Check_TC019 -->
                  <span class="method-name">HS_Premise_Last_Name_Check_TC019</span>
                  <div class="stack-trace"><b>"junit.framework.AssertionFailedError: Premise_Last_Name is Mandatory expected:&lt;0&gt; but was:&lt;2&gt;
	at junit.framework.Assert.fail(Assert.java:57)
	at junit.framework.Assert.failNotEquals(Assert.java:329)
	at junit.framework.Assert.assertEquals(Assert.java:78)
	at junit.framework.Assert.assertEquals(Assert.java:234)
	at J_POC.J_POC.HS_TS007_Premise_Name_Check.HS_Premise_Last_Name_Check_TC019(HS_TS007_Premise_Name_Check.java:61)
... Removed 24 stack frames<br/> junit.framework.AssertionFailedError: Premise_Last_Name is Mandatory expected:&lt;0&gt; but was:&lt;2&gt;
	at junit.framework.Assert.fail(Assert.java:57)
	at junit.framework.Assert.failNotEquals(Assert.java:329)
	at junit.framework.Assert.assertEquals(Assert.java:78)
	at junit.framework.Assert.assertEquals(Assert.java:234)
	at J_POC.J_POC.HS_TS007_Premise_Name_Check.HS_Premise_Last_Name_Check_TC019(HS_TS007_Premise_Name_Check.java:61)
	at sun.reflect.NativeMethodAccessorImpl.invoke0(Native Method)
	at sun.reflect.NativeMethodAccessorImpl.invoke(NativeMethodAccessorImpl.java:62)
	at sun.reflect.DelegatingMethodAccessorImpl.invoke(DelegatingMethodAccessorImpl.java:43)
	at java.lang.reflect.Method.invoke(Method.java:498)
	at org.testng.internal.MethodInvocationHelper.invokeMethod(MethodInvocationHelper.java:80)
	at org.testng.internal.Invoker.invokeMethod(Invoker.java:715)
	at org.testng.internal.Invoker.invokeTestMethod(Invoker.java:907)
	at org.testng.internal.Invoker.invokeTestMethods(Invoker.java:1237)
	at org.testng.internal.TestMethodWorker.invokeTestMethods(TestMethodWorker.java:127)
	at org.testng.internal.TestMethodWorker.run(TestMethodWorker.java:111)
	at org.testng.TestRunner.privateRun(TestRunner.java:767)
	at org.testng.TestRunner.run(TestRunner.java:617)
	at org.testng.SuiteRunner.runTest(SuiteRunner.java:334)
	at org.testng.SuiteRunner.runSequentially(SuiteRunner.java:329)
	at org.testng.SuiteRunner.privateRun(SuiteRunner.java:291)
	at org.testng.SuiteRunner.run(SuiteRunner.java:240)
	at org.testng.SuiteRunnerWorker.runSuite(SuiteRunnerWorker.java:51)
	at org.testng.SuiteRunnerWorker.run(SuiteRunnerWorker.java:85)
	at org.testng.TestNG.runSuitesSequentially(TestNG.java:1197)
	at org.testng.TestNG.runSuitesLocally(TestNG.java:1122)
	at org.testng.TestNG.run(TestNG.java:1030)
	at org.testng.remote.AbstractRemoteTestNG.run(AbstractRemoteTestNG.java:132)
	at org.testng.remote.RemoteTestNG.initAndRun(RemoteTestNG.java:230)
	at org.testng.remote.RemoteTestNG.main(RemoteTestNG.java:76)
"</b><br>junit.framework.Assert.fail(Assert.java:57)<br>junit.framework.Assert.failNotEquals(Assert.java:329)<br>junit.framework.Assert.assertEquals(Assert.java:78)<br>junit.framework.Assert.assertEquals(Assert.java:234)<br>J_POC.J_POC.HS_TS007_Premise_Name_Check.HS_Premise_Last_Name_Check_TC019(HS_TS007_Premise_Name_Check.java:61)<br>sun.reflect.NativeMethodAccessorImpl.invoke0(Native Method)<br>sun.reflect.NativeMethodAccessorImpl.invoke(NativeMethodAccessorImpl.java:62)<br>sun.reflect.DelegatingMethodAccessorImpl.invoke(DelegatingMethodAccessorImpl.java:43)<br>java.lang.reflect.Method.invoke(Method.java:498)<br>org.testng.internal.MethodInvocationHelper.invokeMethod(MethodInvocationHelper.java:80)<br>org.testng.internal.Invoker.invokeMethod(Invoker.java:715)<br>org.testng.internal.Invoker.invokeTestMethod(Invoker.java:907)<br>org.testng.internal.Invoker.invokeTestMethods(Invoker.java:1237)<br>org.testng.internal.TestMethodWorker.invokeTestMethods(TestMethodWorker.java:127)<br>org.testng.internal.TestMethodWorker.run(TestMethodWorker.java:111)<br>org.testng.TestRunner.privateRun(TestRunner.java:767)<br>org.testng.TestRunner.run(TestRunner.java:617)<br>org.testng.SuiteRunner.runTest(SuiteRunner.java:334)<br>org.testng.SuiteRunner.runSequentially(SuiteRunner.java:329)<br>org.testng.SuiteRunner.privateRun(SuiteRunner.java:291)<br>org.testng.SuiteRunner.run(SuiteRunner.java:240)<br>org.testng.SuiteRunnerWorker.runSuite(SuiteRunnerWorker.java:51)<br>org.testng.SuiteRunnerWorker.run(SuiteRunnerWorker.java:85)<br>org.testng.TestNG.runSuitesSequentially(TestNG.java:1197)<br>org.testng.TestNG.runSuitesLocally(TestNG.java:1122)<br>org.testng.TestNG.run(TestNG.java:1030)<br>org.testng.remote.AbstractRemoteTestNG.run(AbstractRemoteTestNG.java:132)<br>org.testng.remote.RemoteTestNG.initAndRun(RemoteTestNG.java:230)<br>org.testng.remote.RemoteTestNG.main(RemoteTestNG.java:76)<br>
</div> <!-- stack-trace -->
                </div> <!-- method-content -->
              </div> <!-- method -->
            </div> <!-- main-panel-content rounded-window-bottom -->
          </div> <!-- suite-Suite-class-failed -->
          <div class="suite-Suite-class-passed">
            <div class="main-panel-header rounded-window-top">
              <img src="passed.png"/>
              <span class="class-name">J_POC.J_POC.HS_TS008_AEPCustomer_Details_Check</span>
            </div> <!-- main-panel-header rounded-window-top -->
            <div class="main-panel-content rounded-window-bottom">
              <div class="method">
                <div class="method-content">
                  <a name="HS_AEPCustomer_MailingAddressState_Check_TC022">
                  </a> <!-- HS_AEPCustomer_MailingAddressState_Check_TC022 -->
                  <span class="method-name">HS_AEPCustomer_MailingAddressState_Check_TC022</span>
                </div> <!-- method-content -->
              </div> <!-- method -->
            </div> <!-- main-panel-content rounded-window-bottom -->
          </div> <!-- suite-Suite-class-passed -->
        </div> <!-- panel Suite -->
        <div panel-name="test-xml-Suite" class="panel">
          <div class="main-panel-header rounded-window-top">
            <span class="header-content">C:\Eclipseworkspace\J_POC\testng.xml</span>
          </div> <!-- main-panel-header rounded-window-top -->
          <div class="main-panel-content rounded-window-bottom">
            <pre>
&lt;?xml version=&quot;1.0&quot; encoding=&quot;UTF-8&quot;?&gt;
&lt;!DOCTYPE suite SYSTEM &quot;http://testng.org/testng-1.0.dtd&quot;&gt;
&lt;suite name=&quot;Suite&quot;&gt;
  &lt;test name=&quot;Test&quot; preserve-order=&quot;true&quot;&gt;
    &lt;classes&gt;
      &lt;class name=&quot;J_POC.J_POC.HS_TS007_Premise_Name_Check&quot;/&gt;
      &lt;class name=&quot;J_POC.J_POC.HS_TS009_AEPAudit_Details_Check&quot;/&gt;
      &lt;class name=&quot;J_POC.J_POC.HS_TS008_AEPCustomer_Details_Check&quot;/&gt;
      &lt;class name=&quot;J_POC.J_POC.AppTest&quot;/&gt;
      &lt;class name=&quot;J_POC.J_POC.HS_TS010_PaymentsFromPartner_Check&quot;/&gt;
    &lt;/classes&gt;
  &lt;/test&gt; &lt;!-- Test --&gt;
&lt;/suite&gt; &lt;!-- Suite --&gt;
            </pre>
          </div> <!-- main-panel-content rounded-window-bottom -->
        </div> <!-- panel -->
        <div panel-name="testlist-Suite" class="panel">
          <div class="main-panel-header rounded-window-top">
            <span class="header-content">Tests for Suite</span>
          </div> <!-- main-panel-header rounded-window-top -->
          <div class="main-panel-content rounded-window-bottom">
            <ul>
              <li>
                <span class="test-name">Test (5 classes)</span>
              </li>
            </ul>
          </div> <!-- main-panel-content rounded-window-bottom -->
        </div> <!-- panel -->
        <div panel-name="group-Suite" class="panel">
          <div class="main-panel-header rounded-window-top">
            <span class="header-content">Groups for Suite</span>
          </div> <!-- main-panel-header rounded-window-top -->
          <div class="main-panel-content rounded-window-bottom">
          </div> <!-- main-panel-content rounded-window-bottom -->
        </div> <!-- panel -->
        <div panel-name="times-Suite" class="panel">
          <div class="main-panel-header rounded-window-top">
            <span class="header-content">Times for Suite</span>
          </div> <!-- main-panel-header rounded-window-top -->
          <div class="main-panel-content rounded-window-bottom">
            <div class="times-div">
              <script type="text/javascript">
suiteTableInitFunctions.push('tableData_Suite');
function tableData_Suite() {
var data = new google.visualization.DataTable();
data.addColumn('number', 'Number');
data.addColumn('string', 'Method');
data.addColumn('string', 'Class');
data.addColumn('number', 'Time (ms)');
data.addRows(15);
data.setCell(0, 0, 0)
data.setCell(0, 1, 'HS_AEPAudit_ProductCodes_Null_Check_TC026')
data.setCell(0, 2, 'J_POC.J_POC.HS_TS009_AEPAudit_Details_Check')
data.setCell(0, 3, 2001);
data.setCell(1, 0, 1)
data.setCell(1, 1, 'HS_Premise_First_Name_Check_TC018')
data.setCell(1, 2, 'J_POC.J_POC.HS_TS007_Premise_Name_Check')
data.setCell(1, 3, 268);
data.setCell(2, 0, 2)
data.setCell(2, 1, 'HS_AEPCustomer_FirstName_Check_TC020')
data.setCell(2, 2, 'J_POC.J_POC.HS_TS008_AEPCustomer_Details_Check')
data.setCell(2, 3, 143);
data.setCell(3, 0, 3)
data.setCell(3, 1, 'HS_AEPCustomer_MailingAddressState_Check_TC022')
data.setCell(3, 2, 'J_POC.J_POC.HS_TS008_AEPCustomer_Details_Check')
data.setCell(3, 3, 55);
data.setCell(4, 0, 4)
data.setCell(4, 1, 'HS_AEPCustomer_LastName_Check_TC021')
data.setCell(4, 2, 'J_POC.J_POC.HS_TS008_AEPCustomer_Details_Check')
data.setCell(4, 3, 52);
data.setCell(5, 0, 5)
data.setCell(5, 1, 'HS_AEPCustomer_PremisesAddressZipPlus4_Check_TC023')
data.setCell(5, 2, 'J_POC.J_POC.HS_TS008_AEPCustomer_Details_Check')
data.setCell(5, 3, 47);
data.setCell(6, 0, 6)
data.setCell(6, 1, 'HS_AEPCustomer_UniqueID_Check_TC024')
data.setCell(6, 2, 'J_POC.J_POC.HS_TS008_AEPCustomer_Details_Check')
data.setCell(6, 3, 39);
data.setCell(7, 0, 7)
data.setCell(7, 1, 'HS_AEPAudit_Date_Check_TC025')
data.setCell(7, 2, 'J_POC.J_POC.HS_TS009_AEPAudit_Details_Check')
data.setCell(7, 3, 22);
data.setCell(8, 0, 8)
data.setCell(8, 1, 'HS_SJPayments_Invoice_Number_Check_TC030')
data.setCell(8, 2, 'J_POC.J_POC.HS_TS010_PaymentsFromPartner_Check')
data.setCell(8, 3, 16);
data.setCell(9, 0, 9)
data.setCell(9, 1, 'HS_SJPayments_Transaction_Amount_Check_TC031')
data.setCell(9, 2, 'J_POC.J_POC.HS_TS010_PaymentsFromPartner_Check')
data.setCell(9, 3, 13);
data.setCell(10, 0, 10)
data.setCell(10, 1, 'HS_SJPayments_AccountNumber_Check_TC028')
data.setCell(10, 2, 'J_POC.J_POC.HS_TS010_PaymentsFromPartner_Check')
data.setCell(10, 3, 13);
data.setCell(11, 0, 11)
data.setCell(11, 1, 'HS_SJPayments_Partner_Record_Type_Check_TC033')
data.setCell(11, 2, 'J_POC.J_POC.HS_TS010_PaymentsFromPartner_Check')
data.setCell(11, 3, 11);
data.setCell(12, 0, 12)
data.setCell(12, 1, 'HS_SJPayments_Partner_ChargeSign_Check_TC032')
data.setCell(12, 2, 'J_POC.J_POC.HS_TS010_PaymentsFromPartner_Check')
data.setCell(12, 3, 11);
data.setCell(13, 0, 13)
data.setCell(13, 1, 'HS_Premise_Last_Name_Check_TC019')
data.setCell(13, 2, 'J_POC.J_POC.HS_TS007_Premise_Name_Check')
data.setCell(13, 3, 11);
data.setCell(14, 0, 14)
data.setCell(14, 1, 'HS_SJPayments_ChargeType_Check_TC029')
data.setCell(14, 2, 'J_POC.J_POC.HS_TS010_PaymentsFromPartner_Check')
data.setCell(14, 3, 8);
window.suiteTableData['Suite']= { tableData: data, tableDiv: 'times-div-Suite'}
return data;
}
              </script>
              <span class="suite-total-time">Total running time: 2 seconds</span>
              <div id="times-div-Suite">
              </div> <!-- times-div-Suite -->
            </div> <!-- times-div -->
          </div> <!-- main-panel-content rounded-window-bottom -->
        </div> <!-- panel -->
        <div panel-name="reporter-Suite" class="panel">
          <div class="main-panel-header rounded-window-top">
            <span class="header-content">Reporter output for Suite</span>
          </div> <!-- main-panel-header rounded-window-top -->
          <div class="main-panel-content rounded-window-bottom">
            <div class="reporter-method-div">
              <span class="reporter-method-name">HS_AEPCustomer_MailingAddressState_Check_TC022</span>
              <div class="reporter-method-output-div">
                <span class="reporter-method-output">Mailing Address State Check is Failed<br></span>
                <span class="reporter-method-output">Mailing Address State Check is Failed<br></span>
                <span class="reporter-method-output">Mailing Address State Check is Failed<br></span>
                <span class="reporter-method-output">Mailing Address State Check is Failed<br></span>
                <span class="reporter-method-output">Mailing Address State Check is Failed<br></span>
                <span class="reporter-method-output">Mailing Address State Check is Failed<br></span>
                <span class="reporter-method-output">Mailing Address State Check is Failed<br></span>
                <span class="reporter-method-output">Mailing Address State Check is Failed<br></span>
                <span class="reporter-method-output">Mailing Address State Check is Failed<br></span>
                <span class="reporter-method-output">Mailing Address State Check is Failed<br></span>
                <span class="reporter-method-output">Mailing Address State Check is Failed<br></span>
                <span class="reporter-method-output">Mailing Address State Check is Failed<br></span>
                <span class="reporter-method-output">Mailing Address State Check is Failed<br></span>
                <span class="reporter-method-output">Mailing Address State Check is as Expected<br></span>
                <span class="reporter-method-output">Mailing Address State Check is Failed<br></span>
                <span class="reporter-method-output">Mailing Address State Check is Failed<br></span>
                <span class="reporter-method-output">Mailing Address State Check is Failed<br></span>
                <span class="reporter-method-output">Mailing Address State Check is Failed<br></span>
                <span class="reporter-method-output">Mailing Address State Check is Failed<br></span>
                <span class="reporter-method-output">Mailing Address State Check is Failed<br></span>
                <span class="reporter-method-output">Mailing Address State Check is Failed<br></span>
                <span class="reporter-method-output">Mailing Address State Check is Failed<br></span>
                <span class="reporter-method-output">Mailing Address State Check is Failed<br></span>
                <span class="reporter-method-output">Mailing Address State Check is Failed<br></span>
                <span class="reporter-method-output">Mailing Address State Check is Failed<br></span>
                <span class="reporter-method-output">Mailing Address State Check is Failed<br></span>
                <span class="reporter-method-output">Mailing Address State Check is Failed<br></span>
                <span class="reporter-method-output">Mailing Address State Check is Failed<br></span>
                <span class="reporter-method-output">Mailing Address State Check is Failed<br></span>
                <span class="reporter-method-output">Mailing Address State Check is Failed<br></span>
                <span class="reporter-method-output">Mailing Address State Check is Failed<br></span>
                <span class="reporter-method-output">Mailing Address State Check is Failed<br></span>
                <span class="reporter-method-output">Mailing Address State Check is Failed<br></span>
                <span class="reporter-method-output">Mailing Address State Check is Failed<br></span>
                <span class="reporter-method-output">Mailing Address State Check is Failed<br></span>
                <span class="reporter-method-output">Mailing Address State Check is Failed<br></span>
                <span class="reporter-method-output">Mailing Address State Check is Failed<br></span>
                <span class="reporter-method-output">Mailing Address State Check is Failed<br></span>
                <span class="reporter-method-output">Mailing Address State Check is Failed<br></span>
                <span class="reporter-method-output">Mailing Address State Check is Failed<br></span>
                <span class="reporter-method-output">Mailing Address State Check is Failed<br></span>
                <span class="reporter-method-output">Mailing Address State Check is Failed<br></span>
                <span class="reporter-method-output">Mailing Address State Check is Failed<br></span>
                <span class="reporter-method-output">Mailing Address State Check is Failed<br></span>
                <span class="reporter-method-output">Mailing Address State Check is Failed<br></span>
                <span class="reporter-method-output">Mailing Address State Check is Failed<br></span>
                <span class="reporter-method-output">Mailing Address State Check is Failed<br></span>
                <span class="reporter-method-output">Mailing Address State Check is Failed<br></span>
                <span class="reporter-method-output">Mailing Address State Check is Failed<br></span>
                <span class="reporter-method-output">Mailing Address State Check is Failed<br></span>
                <span class="reporter-method-output">Mailing Address State Check is Failed<br></span>
                <span class="reporter-method-output">Mailing Address State Check is Failed<br></span>
                <span class="reporter-method-output">Mailing Address State Check is Failed<br></span>
                <span class="reporter-method-output">Mailing Address State Check is Failed<br></span>
                <span class="reporter-method-output">Mailing Address State Check is Failed<br></span>
                <span class="reporter-method-output">Mailing Address State Check is Failed<br></span>
                <span class="reporter-method-output">Mailing Address State Check is Failed<br></span>
                <span class="reporter-method-output">Mailing Address State Check is Failed<br></span>
                <span class="reporter-method-output">Mailing Address State Check is Failed<br></span>
                <span class="reporter-method-output">Mailing Address State Check is Failed<br></span>
                <span class="reporter-method-output">Mailing Address State Check is Failed<br></span>
                <span class="reporter-method-output">Mailing Address State Check is Failed<br></span>
                <span class="reporter-method-output">Mailing Address State Check is Failed<br></span>
                <span class="reporter-method-output">Mailing Address State Check is Failed<br></span>
                <span class="reporter-method-output">Mailing Address State Check is Failed<br></span>
                <span class="reporter-method-output">Mailing Address State Check is Failed<br></span>
                <span class="reporter-method-output">Mailing Address State Check is Failed<br></span>
                <span class="reporter-method-output">Mailing Address State Check is Failed<br></span>
                <span class="reporter-method-output">Mailing Address State Check is Failed<br></span>
                <span class="reporter-method-output">Mailing Address State Check is Failed<br></span>
                <span class="reporter-method-output">Mailing Address State Check is as Expected<br></span>
                <span class="reporter-method-output">Mailing Address State Check is Failed<br></span>
                <span class="reporter-method-output">Mailing Address State Check is Failed<br></span>
                <span class="reporter-method-output">Mailing Address State Check is Failed<br></span>
                <span class="reporter-method-output">Mailing Address State Check is Failed<br></span>
                <span class="reporter-method-output">Mailing Address State Check is Failed<br></span>
                <span class="reporter-method-output">Mailing Address State Check is Failed<br></span>
                <span class="reporter-method-output">Mailing Address State Check is Failed<br></span>
                <span class="reporter-method-output">Mailing Address State Check is Failed<br></span>
                <span class="reporter-method-output">Mailing Address State Check is Failed<br></span>
                <span class="reporter-method-output">Mailing Address State Check is Failed<br></span>
                <span class="reporter-method-output">Mailing Address State Check is Failed<br></span>
                <span class="reporter-method-output">Mailing Address State Check is Failed<br></span>
                <span class="reporter-method-output">Mailing Address State Check is Failed<br></span>
                <span class="reporter-method-output">Mailing Address State Check is Failed<br></span>
                <span class="reporter-method-output">Mailing Address State Check is Failed<br></span>
                <span class="reporter-method-output">Mailing Address State Check is Failed<br></span>
                <span class="reporter-method-output">Mailing Address State Check is Failed<br></span>
                <span class="reporter-method-output">Mailing Address State Check is Failed<br></span>
                <span class="reporter-method-output">Mailing Address State Check is Failed<br></span>
                <span class="reporter-method-output">Mailing Address State Check is Failed<br></span>
                <span class="reporter-method-output">Mailing Address State Check is Failed<br></span>
                <span class="reporter-method-output">Mailing Address State Check is Failed<br></span>
                <span class="reporter-method-output">Mailing Address State Check is Failed<br></span>
                <span class="reporter-method-output">Mailing Address State Check is Failed<br></span>
                <span class="reporter-method-output">Mailing Address State Check is Failed<br></span>
                <span class="reporter-method-output">Mailing Address State Check is Failed<br></span>
                <span class="reporter-method-output">Mailing Address State Check is Failed<br></span>
                <span class="reporter-method-output">Mailing Address State Check is Failed<br></span>
                <span class="reporter-method-output">Mailing Address State Check is Failed<br></span>
                <span class="reporter-method-output">Mailing Address State Check is Failed<br></span>
                <span class="reporter-method-output">Mailing Address State Check is Failed<br></span>
                <span class="reporter-method-output">Mailing Address State Check is Failed<br></span>
                <span class="reporter-method-output">Mailing Address State Check is Failed<br></span>
                <span class="reporter-method-output">Mailing Address State Check is Failed<br></span>
                <span class="reporter-method-output">Mailing Address State Check is Failed<br></span>
                <span class="reporter-method-output">Mailing Address State Check is Failed<br></span>
                <span class="reporter-method-output">Mailing Address State Check is Failed<br></span>
                <span class="reporter-method-output">Mailing Address State Check is Failed<br></span>
                <span class="reporter-method-output">Mailing Address State Check is Failed<br></span>
                <span class="reporter-method-output">Mailing Address State Check is Failed<br></span>
                <span class="reporter-method-output">Mailing Address State Check is Failed<br></span>
                <span class="reporter-method-output">Mailing Address State Check is Failed<br></span>
                <span class="reporter-method-output">Mailing Address State Check is Failed<br></span>
                <span class="reporter-method-output">Mailing Address State Check is Failed<br></span>
                <span class="reporter-method-output">Mailing Address State Check is Failed<br></span>
                <span class="reporter-method-output">Mailing Address State Check is Failed<br></span>
                <span class="reporter-method-output">Mailing Address State Check is Failed<br></span>
                <span class="reporter-method-output">Mailing Address State Check is Failed<br></span>
                <span class="reporter-method-output">Mailing Address State Check is Failed<br></span>
              </div> <!-- reporter-method-output-div -->
            </div> <!-- reporter-method-div -->
          </div> <!-- main-panel-content rounded-window-bottom -->
        </div> <!-- panel -->
        <div panel-name="ignored-methods-Suite" class="panel">
          <div class="main-panel-header rounded-window-top">
            <span class="header-content">0 ignored methods</span>
          </div> <!-- main-panel-header rounded-window-top -->
          <div class="main-panel-content rounded-window-bottom">
          </div> <!-- main-panel-content rounded-window-bottom -->
        </div> <!-- panel -->
        <div panel-name="chronological-Suite" class="panel">
          <div class="main-panel-header rounded-window-top">
            <span class="header-content">Methods in chronological order</span>
          </div> <!-- main-panel-header rounded-window-top -->
          <div class="main-panel-content rounded-window-bottom">
            <div class="chronological-class">
              <div class="chronological-class-name">J_POC.J_POC.HS_TS007_Premise_Name_Check</div> <!-- chronological-class-name -->
              <div class="test-method">
                <img src="failed.png">
                </img>
                <span class="method-name">HS_Premise_First_Name_Check_TC018</span>
                <span class="method-start">0 ms</span>
              </div> <!-- test-method -->
              <div class="test-method">
                <img src="failed.png">
                </img>
                <span class="method-name">HS_Premise_Last_Name_Check_TC019</span>
                <span class="method-start">272 ms</span>
              </div> <!-- test-method -->
            </div> <!-- chronological-class -->
            <div class="chronological-class">
              <div class="chronological-class-name">J_POC.J_POC.HS_TS010_PaymentsFromPartner_Check</div> <!-- chronological-class-name -->
              <div class="test-method">
                <img src="failed.png">
                </img>
                <span class="method-name">HS_SJPayments_AccountNumber_Check_TC028</span>
                <span class="method-start">286 ms</span>
              </div> <!-- test-method -->
              <div class="test-method">
                <img src="failed.png">
                </img>
                <span class="method-name">HS_SJPayments_ChargeType_Check_TC029</span>
                <span class="method-start">302 ms</span>
              </div> <!-- test-method -->
              <div class="test-method">
                <img src="failed.png">
                </img>
                <span class="method-name">HS_SJPayments_Invoice_Number_Check_TC030</span>
                <span class="method-start">313 ms</span>
              </div> <!-- test-method -->
              <div class="test-method">
                <img src="failed.png">
                </img>
                <span class="method-name">HS_SJPayments_Partner_ChargeSign_Check_TC032</span>
                <span class="method-start">331 ms</span>
              </div> <!-- test-method -->
              <div class="test-method">
                <img src="failed.png">
                </img>
                <span class="method-name">HS_SJPayments_Partner_Record_Type_Check_TC033</span>
                <span class="method-start">345 ms</span>
              </div> <!-- test-method -->
              <div class="test-method">
                <img src="failed.png">
                </img>
                <span class="method-name">HS_SJPayments_Transaction_Amount_Check_TC031</span>
                <span class="method-start">358 ms</span>
              </div> <!-- test-method -->
            </div> <!-- chronological-class -->
            <div class="chronological-class">
              <div class="chronological-class-name">J_POC.J_POC.HS_TS009_AEPAudit_Details_Check</div> <!-- chronological-class-name -->
              <div class="test-method">
                <img src="failed.png">
                </img>
                <span class="method-name">HS_AEPAudit_Date_Check_TC025</span>
                <span class="method-start">376 ms</span>
              </div> <!-- test-method -->
              <div class="test-method">
                <img src="failed.png">
                </img>
                <span class="method-name">HS_AEPAudit_ProductCodes_Null_Check_TC026</span>
                <span class="method-start">401 ms</span>
              </div> <!-- test-method -->
            </div> <!-- chronological-class -->
            <div class="chronological-class">
              <div class="chronological-class-name">J_POC.J_POC.HS_TS008_AEPCustomer_Details_Check</div> <!-- chronological-class-name -->
              <div class="test-method">
                <img src="failed.png">
                </img>
                <span class="method-name">HS_AEPCustomer_FirstName_Check_TC020</span>
                <span class="method-start">2405 ms</span>
              </div> <!-- test-method -->
              <div class="test-method">
                <img src="failed.png">
                </img>
                <span class="method-name">HS_AEPCustomer_LastName_Check_TC021</span>
                <span class="method-start">2549 ms</span>
              </div> <!-- test-method -->
              <div class="test-method">
                <span class="method-name">HS_AEPCustomer_MailingAddressState_Check_TC022</span>
                <span class="method-start">2603 ms</span>
              </div> <!-- test-method -->
              <div class="test-method">
                <img src="failed.png">
                </img>
                <span class="method-name">HS_AEPCustomer_PremisesAddressZipPlus4_Check_TC023</span>
                <span class="method-start">2659 ms</span>
              </div> <!-- test-method -->
              <div class="test-method">
                <img src="failed.png">
                </img>
                <span class="method-name">HS_AEPCustomer_UniqueID_Check_TC024</span>
                <span class="method-start">2708 ms</span>
              </div> <!-- test-method -->
          </div> <!-- main-panel-content rounded-window-bottom -->
        </div> <!-- panel -->
      </div> <!-- main-panel-root -->
    </div> <!-- wrapper -->
  </body>
</html>
